{"level":"info","message":"Starting botpress version 1.1.13","timestamp":"2018-02-15T12:30:43.242Z"}
{"level":"verbose","message":"[UMM] Enabled for web","timestamp":"2018-02-15T12:30:43.695Z"}
{"level":"info","message":"Loaded botpress-web, version 1.2.3","timestamp":"2018-02-15T12:30:43.695Z"}
{"level":"info","message":"Loaded 1 modules","timestamp":"2018-02-15T12:30:43.695Z"}
{"level":"debug","message":"Loading middleware: UMM.instrumentation","timestamp":"2018-02-15T12:30:43.695Z"}
{"level":"debug","message":"Loading middleware: hear","timestamp":"2018-02-15T12:30:43.695Z"}
{"level":"debug","message":"Loading middleware: conversations","timestamp":"2018-02-15T12:30:43.695Z"}
{"level":"debug","message":"Loading middleware: web.sendMessages","timestamp":"2018-02-15T12:30:43.711Z"}
{"level":"debug","message":"Loading middleware: fallback","timestamp":"2018-02-15T12:30:43.711Z"}
{"level":"info","message":"\u001b[32m\u001b[1mBot launched. Visit: http://localhost:3000\u001b[22m\u001b[39m","timestamp":"2018-02-15T12:30:43.726Z"}
{"level":"info","message":"Starting botpress version 1.1.13","timestamp":"2018-02-15T12:36:07.410Z"}
{"level":"verbose","message":"[UMM] Enabled for web","timestamp":"2018-02-15T12:36:07.963Z"}
{"level":"info","message":"Loaded botpress-web, version 1.2.3","timestamp":"2018-02-15T12:36:07.963Z"}
{"level":"info","message":"Loaded 1 modules","timestamp":"2018-02-15T12:36:07.964Z"}
{"level":"debug","message":"Loading middleware: UMM.instrumentation","timestamp":"2018-02-15T12:36:07.979Z"}
{"level":"debug","message":"Loading middleware: hear","timestamp":"2018-02-15T12:36:07.979Z"}
{"level":"debug","message":"Loading middleware: conversations","timestamp":"2018-02-15T12:36:07.979Z"}
{"level":"debug","message":"Loading middleware: web.sendMessages","timestamp":"2018-02-15T12:36:07.980Z"}
{"level":"debug","message":"Loading middleware: fallback","timestamp":"2018-02-15T12:36:07.980Z"}
{"level":"info","message":"\u001b[32m\u001b[1mBot launched. Visit: http://localhost:3000\u001b[22m\u001b[39m","timestamp":"2018-02-15T12:36:08.003Z"}
{"level":"info","message":"Starting botpress version 1.1.13","timestamp":"2018-02-17T05:09:21.292Z"}
{"level":"verbose","message":"[UMM] Enabled for web","timestamp":"2018-02-17T05:09:21.902Z"}
{"level":"info","message":"Loaded botpress-web, version 1.2.3","timestamp":"2018-02-17T05:09:21.902Z"}
{"level":"info","message":"Loaded 1 modules","timestamp":"2018-02-17T05:09:21.902Z"}
{"level":"debug","message":"Loading middleware: UMM.instrumentation","timestamp":"2018-02-17T05:09:21.923Z"}
{"level":"debug","message":"Loading middleware: hear","timestamp":"2018-02-17T05:09:21.927Z"}
{"level":"debug","message":"Loading middleware: conversations","timestamp":"2018-02-17T05:09:21.927Z"}
{"level":"debug","message":"Loading middleware: web.sendMessages","timestamp":"2018-02-17T05:09:21.927Z"}
{"level":"debug","message":"Loading middleware: fallback","timestamp":"2018-02-17T05:09:21.927Z"}
{"level":"info","message":"\u001b[32m\u001b[1mBot launched. Visit: http://localhost:3000\u001b[22m\u001b[39m","timestamp":"2018-02-17T05:09:21.959Z"}
{"level":"info","message":"Starting botpress version 1.1.13","timestamp":"2018-02-17T07:08:30.917Z"}
{"level":"verbose","message":"[UMM] Enabled for facebook","timestamp":"2018-02-17T07:08:31.454Z"}
{"level":"info","message":"Loaded botpress-messenger, version 2.2.10","timestamp":"2018-02-17T07:08:31.454Z"}
{"level":"verbose","message":"[UMM] Enabled for web","timestamp":"2018-02-17T07:08:31.454Z"}
{"level":"info","message":"Loaded botpress-web, version 1.2.3","timestamp":"2018-02-17T07:08:31.454Z"}
{"level":"info","message":"Loaded 2 modules","timestamp":"2018-02-17T07:08:31.454Z"}
{"level":"debug","message":"Loading middleware: UMM.instrumentation","timestamp":"2018-02-17T07:08:31.480Z"}
{"level":"debug","message":"Loading middleware: hear","timestamp":"2018-02-17T07:08:31.481Z"}
{"level":"debug","message":"Loading middleware: conversations","timestamp":"2018-02-17T07:08:31.481Z"}
{"level":"debug","message":"Loading middleware: messenger.sendMessages","timestamp":"2018-02-17T07:08:31.482Z"}
{"level":"debug","message":"Loading middleware: web.sendMessages","timestamp":"2018-02-17T07:08:31.482Z"}
{"level":"debug","message":"Loading middleware: fallback","timestamp":"2018-02-17T07:08:31.483Z"}
{"level":"info","message":"\u001b[32m\u001b[1mBot launched. Visit: http://localhost:3000\u001b[22m\u001b[39m","timestamp":"2018-02-17T07:08:31.514Z"}
{"level":"info","message":"[notification::botpress] botpress-messenger.config.yml has been created, fill it","timestamp":"2018-02-17T07:08:31.535Z"}
{"level":"warn","message":"[botpress-messenger] Configuration is incomplete, applicationID needs to be defined. See \"./botpress-messenger.config.yml\".","timestamp":"2018-02-17T07:08:31.548Z"}
{"level":"warn","message":"[botpress-messenger] Configuration is incomplete, accessToken needs to be defined. See \"./botpress-messenger.config.yml\".","timestamp":"2018-02-17T07:08:31.549Z"}
{"level":"warn","message":"[botpress-messenger] Configuration is incomplete, appSecret needs to be defined. See \"./botpress-messenger.config.yml\".","timestamp":"2018-02-17T07:08:31.549Z"}
{"level":"warn","message":"[botpress-messenger] Configuration is incomplete, hostname needs to be defined. See \"./botpress-messenger.config.yml\".","timestamp":"2018-02-17T07:08:31.550Z"}
{"level":"error","message":"[notification::botpress] Error updating Messenger App. Please see logs for details.","timestamp":"2018-02-17T07:08:31.571Z"}
{"level":"info","message":"Starting botpress version 1.1.13","timestamp":"2018-02-17T07:49:06.597Z"}
{"level":"verbose","message":"[UMM] Enabled for facebook","timestamp":"2018-02-17T07:49:07.084Z"}
{"level":"info","message":"Loaded botpress-messenger, version 2.2.10","timestamp":"2018-02-17T07:49:07.100Z"}
{"level":"verbose","message":"[UMM] Enabled for web","timestamp":"2018-02-17T07:49:07.100Z"}
{"level":"info","message":"Loaded botpress-web, version 1.2.3","timestamp":"2018-02-17T07:49:07.100Z"}
{"level":"info","message":"Loaded 2 modules","timestamp":"2018-02-17T07:49:07.100Z"}
{"level":"debug","message":"Loading middleware: UMM.instrumentation","timestamp":"2018-02-17T07:49:07.116Z"}
{"level":"debug","message":"Loading middleware: hear","timestamp":"2018-02-17T07:49:07.116Z"}
{"level":"debug","message":"Loading middleware: conversations","timestamp":"2018-02-17T07:49:07.117Z"}
{"level":"debug","message":"Loading middleware: messenger.sendMessages","timestamp":"2018-02-17T07:49:07.117Z"}
{"level":"debug","message":"Loading middleware: web.sendMessages","timestamp":"2018-02-17T07:49:07.117Z"}
{"level":"debug","message":"Loading middleware: fallback","timestamp":"2018-02-17T07:49:07.117Z"}
{"level":"info","message":"\u001b[32m\u001b[1mBot launched. Visit: http://localhost:3000\u001b[22m\u001b[39m","timestamp":"2018-02-17T07:49:07.141Z"}
{"level":"warn","message":"[botpress-messenger] Configuration is incomplete, applicationID needs to be defined. See \"./botpress-messenger.config.yml\".","timestamp":"2018-02-17T07:49:07.162Z"}
{"level":"warn","message":"[botpress-messenger] Configuration is incomplete, accessToken needs to be defined. See \"./botpress-messenger.config.yml\".","timestamp":"2018-02-17T07:49:07.163Z"}
{"level":"warn","message":"[botpress-messenger] Configuration is incomplete, appSecret needs to be defined. See \"./botpress-messenger.config.yml\".","timestamp":"2018-02-17T07:49:07.163Z"}
{"level":"warn","message":"[botpress-messenger] Configuration is incomplete, hostname needs to be defined. See \"./botpress-messenger.config.yml\".","timestamp":"2018-02-17T07:49:07.163Z"}
{"level":"error","message":"[notification::botpress] Error updating Messenger App. Please see logs for details.","timestamp":"2018-02-17T07:49:07.186Z"}
{"level":"info","message":"Starting botpress version 1.1.13","timestamp":"2018-02-17T07:50:05.221Z"}
{"level":"verbose","message":"[UMM] Enabled for facebook","timestamp":"2018-02-17T07:50:05.572Z"}
{"level":"info","message":"Loaded botpress-messenger, version 2.2.10","timestamp":"2018-02-17T07:50:05.573Z"}
{"level":"verbose","message":"[UMM] Enabled for web","timestamp":"2018-02-17T07:50:05.576Z"}
{"level":"info","message":"Loaded botpress-web, version 1.2.3","timestamp":"2018-02-17T07:50:05.577Z"}
{"level":"info","message":"Loaded 2 modules","timestamp":"2018-02-17T07:50:05.577Z"}
{"level":"debug","message":"Loading middleware: UMM.instrumentation","timestamp":"2018-02-17T07:50:05.590Z"}
{"level":"debug","message":"Loading middleware: hear","timestamp":"2018-02-17T07:50:05.591Z"}
{"level":"debug","message":"Loading middleware: conversations","timestamp":"2018-02-17T07:50:05.591Z"}
{"level":"debug","message":"Loading middleware: messenger.sendMessages","timestamp":"2018-02-17T07:50:05.591Z"}
{"level":"debug","message":"Loading middleware: web.sendMessages","timestamp":"2018-02-17T07:50:05.591Z"}
{"level":"debug","message":"Loading middleware: fallback","timestamp":"2018-02-17T07:50:05.591Z"}
{"level":"info","message":"\u001b[32m\u001b[1mBot launched. Visit: http://localhost:3000\u001b[22m\u001b[39m","timestamp":"2018-02-17T07:50:05.609Z"}
{"level":"warn","message":"[botpress-messenger] Configuration is incomplete, applicationID needs to be defined. See \"./botpress-messenger.config.yml\".","timestamp":"2018-02-17T07:50:05.627Z"}
{"level":"warn","message":"[botpress-messenger] Configuration is incomplete, accessToken needs to be defined. See \"./botpress-messenger.config.yml\".","timestamp":"2018-02-17T07:50:05.627Z"}
{"level":"warn","message":"[botpress-messenger] Configuration is incomplete, appSecret needs to be defined. See \"./botpress-messenger.config.yml\".","timestamp":"2018-02-17T07:50:05.628Z"}
{"level":"warn","message":"[botpress-messenger] Configuration is incomplete, hostname needs to be defined. See \"./botpress-messenger.config.yml\".","timestamp":"2018-02-17T07:50:05.629Z"}
{"level":"error","message":"[notification::botpress] Error updating Messenger App. Please see logs for details.","timestamp":"2018-02-17T07:50:05.649Z"}
{"level":"info","message":"Starting botpress version 1.1.13","timestamp":"2018-02-17T07:51:02.436Z"}
{"level":"verbose","message":"[UMM] Enabled for facebook","timestamp":"2018-02-17T07:51:02.802Z"}
{"level":"info","message":"Loaded botpress-messenger, version 2.2.10","timestamp":"2018-02-17T07:51:02.802Z"}
{"level":"verbose","message":"[UMM] Enabled for web","timestamp":"2018-02-17T07:51:02.802Z"}
{"level":"info","message":"Loaded botpress-web, version 1.2.3","timestamp":"2018-02-17T07:51:02.802Z"}
{"level":"info","message":"Loaded 2 modules","timestamp":"2018-02-17T07:51:02.802Z"}
{"level":"debug","message":"Loading middleware: UMM.instrumentation","timestamp":"2018-02-17T07:51:02.834Z"}
{"level":"debug","message":"Loading middleware: hear","timestamp":"2018-02-17T07:51:02.836Z"}
{"level":"debug","message":"Loading middleware: conversations","timestamp":"2018-02-17T07:51:02.836Z"}
{"level":"debug","message":"Loading middleware: messenger.sendMessages","timestamp":"2018-02-17T07:51:02.838Z"}
{"level":"debug","message":"Loading middleware: web.sendMessages","timestamp":"2018-02-17T07:51:02.838Z"}
{"level":"debug","message":"Loading middleware: fallback","timestamp":"2018-02-17T07:51:02.839Z"}
{"level":"info","message":"\u001b[32m\u001b[1mBot launched. Visit: http://localhost:3000\u001b[22m\u001b[39m","timestamp":"2018-02-17T07:51:02.869Z"}
{"level":"warn","message":"[botpress-messenger] Configuration is incomplete, hostname needs to be defined. See \"./botpress-messenger.config.yml\".","timestamp":"2018-02-17T07:51:02.897Z"}
{"level":"error","message":"[notification::botpress] Error updating Messenger App. Please see logs for details.","timestamp":"2018-02-17T07:51:02.928Z"}
{"level":"info","message":"Starting botpress version 1.1.13","timestamp":"2018-02-17T08:04:45.576Z"}
{"level":"verbose","message":"[UMM] Enabled for facebook","timestamp":"2018-02-17T08:04:46.641Z"}
{"level":"info","message":"Loaded botpress-messenger, version 2.2.10","timestamp":"2018-02-17T08:04:46.642Z"}
{"level":"verbose","message":"[UMM] Enabled for web","timestamp":"2018-02-17T08:04:46.656Z"}
{"level":"info","message":"Loaded botpress-web, version 1.2.3","timestamp":"2018-02-17T08:04:46.657Z"}
{"level":"info","message":"Loaded 2 modules","timestamp":"2018-02-17T08:04:46.659Z"}
{"level":"debug","message":"Loading middleware: UMM.instrumentation","timestamp":"2018-02-17T08:04:46.718Z"}
{"level":"debug","message":"Loading middleware: hear","timestamp":"2018-02-17T08:04:46.719Z"}
{"level":"debug","message":"Loading middleware: conversations","timestamp":"2018-02-17T08:04:46.720Z"}
{"level":"debug","message":"Loading middleware: messenger.sendMessages","timestamp":"2018-02-17T08:04:46.721Z"}
{"level":"debug","message":"Loading middleware: web.sendMessages","timestamp":"2018-02-17T08:04:46.722Z"}
{"level":"debug","message":"Loading middleware: fallback","timestamp":"2018-02-17T08:04:46.722Z"}
{"level":"info","message":"\u001b[32m\u001b[1mBot launched. Visit: http://localhost:3000\u001b[22m\u001b[39m","timestamp":"2018-02-17T08:04:46.751Z"}
{"level":"warn","message":"[botpress-messenger] Configuration is incomplete, hostname needs to be defined. See \"./botpress-messenger.config.yml\".","timestamp":"2018-02-17T08:04:46.775Z"}
{"level":"error","message":"[notification::botpress] Error updating Messenger App. Please see logs for details.","timestamp":"2018-02-17T08:04:46.847Z"}
{"level":"info","message":"Starting botpress version 1.1.13","timestamp":"2018-02-17T08:13:47.749Z"}
{"level":"verbose","message":"[UMM] Enabled for facebook","timestamp":"2018-02-17T08:13:48.106Z"}
{"level":"info","message":"Loaded botpress-messenger, version 2.2.10","timestamp":"2018-02-17T08:13:48.107Z"}
{"level":"verbose","message":"[UMM] Enabled for web","timestamp":"2018-02-17T08:13:48.111Z"}
{"level":"info","message":"Loaded botpress-web, version 1.2.3","timestamp":"2018-02-17T08:13:48.112Z"}
{"level":"info","message":"Loaded 2 modules","timestamp":"2018-02-17T08:13:48.113Z"}
{"level":"debug","message":"Loading middleware: UMM.instrumentation","timestamp":"2018-02-17T08:13:48.125Z"}
{"level":"debug","message":"Loading middleware: hear","timestamp":"2018-02-17T08:13:48.125Z"}
{"level":"debug","message":"Loading middleware: conversations","timestamp":"2018-02-17T08:13:48.126Z"}
{"level":"debug","message":"Loading middleware: messenger.sendMessages","timestamp":"2018-02-17T08:13:48.126Z"}
{"level":"debug","message":"Loading middleware: web.sendMessages","timestamp":"2018-02-17T08:13:48.127Z"}
{"level":"debug","message":"Loading middleware: fallback","timestamp":"2018-02-17T08:13:48.127Z"}
{"level":"info","message":"\u001b[32m\u001b[1mBot launched. Visit: http://localhost:3000\u001b[22m\u001b[39m","timestamp":"2018-02-17T08:13:48.147Z"}
{"message":"An error has been returned by Facebook API.\nStatus: 400 (Bad Request)\n(#100) Param callback_url is not a valid URI.","stack":"Error: An error has been returned by Facebook API.\nStatus: 400 (Bad Request)\n(#100) Param callback_url is not a valid URI.\n    at C:\\Users\\JOELDACUMA\\Documents\\mysandbox\\kiko\\node_modules\\botpress-messenger\\bin\\webpack:\\src\\messenger.js:606:13\n    at PassThroughHandlerContext.finallyHandler (C:\\Users\\JOELDACUMA\\Documents\\mysandbox\\kiko\\node_modules\\bluebird\\js\\release\\finally.js:56:23)\n    at PassThroughHandlerContext.tryCatcher (C:\\Users\\JOELDACUMA\\Documents\\mysandbox\\kiko\\node_modules\\bluebird\\js\\release\\util.js:16:23)\n    at Promise._settlePromiseFromHandler (C:\\Users\\JOELDACUMA\\Documents\\mysandbox\\kiko\\node_modules\\bluebird\\js\\release\\promise.js:512:31)\n    at Promise._settlePromise (C:\\Users\\JOELDACUMA\\Documents\\mysandbox\\kiko\\node_modules\\bluebird\\js\\release\\promise.js:569:18)\n    at Promise._settlePromise0 (C:\\Users\\JOELDACUMA\\Documents\\mysandbox\\kiko\\node_modules\\bluebird\\js\\release\\promise.js:614:10)\n    at Promise._settlePromises (C:\\Users\\JOELDACUMA\\Documents\\mysandbox\\kiko\\node_modules\\bluebird\\js\\release\\promise.js:693:18)\n    at Async._drainQueue (C:\\Users\\JOELDACUMA\\Documents\\mysandbox\\kiko\\node_modules\\bluebird\\js\\release\\async.js:133:16)\n    at Async._drainQueues (C:\\Users\\JOELDACUMA\\Documents\\mysandbox\\kiko\\node_modules\\bluebird\\js\\release\\async.js:143:10)\n    at Immediate.Async.drainQueues (C:\\Users\\JOELDACUMA\\Documents\\mysandbox\\kiko\\node_modules\\bluebird\\js\\release\\async.js:17:14)\n    at runCallback (timers.js:781:20)\n    at tryOnImmediate (timers.js:743:5)\n    at processImmediate [as _immediateCallback] (timers.js:714:5)","level":"error","timestamp":"2018-02-17T08:13:48.819Z"}
{"level":"error","message":"[notification::botpress] Error updating Messenger App. Please see logs for details.","timestamp":"2018-02-17T08:13:48.884Z"}
{"level":"info","message":"Starting botpress version 1.1.13","timestamp":"2018-02-17T08:25:44.025Z"}
{"level":"verbose","message":"[UMM] Enabled for facebook","timestamp":"2018-02-17T08:25:44.526Z"}
{"level":"info","message":"Loaded botpress-messenger, version 2.2.10","timestamp":"2018-02-17T08:25:44.527Z"}
{"level":"verbose","message":"[UMM] Enabled for web","timestamp":"2018-02-17T08:25:44.532Z"}
{"level":"info","message":"Loaded botpress-web, version 1.2.3","timestamp":"2018-02-17T08:25:44.533Z"}
{"level":"info","message":"Loaded 2 modules","timestamp":"2018-02-17T08:25:44.534Z"}
{"level":"debug","message":"Loading middleware: UMM.instrumentation","timestamp":"2018-02-17T08:25:44.552Z"}
{"level":"debug","message":"Loading middleware: hear","timestamp":"2018-02-17T08:25:44.552Z"}
{"level":"debug","message":"Loading middleware: conversations","timestamp":"2018-02-17T08:25:44.554Z"}
{"level":"debug","message":"Loading middleware: messenger.sendMessages","timestamp":"2018-02-17T08:25:44.555Z"}
{"level":"debug","message":"Loading middleware: web.sendMessages","timestamp":"2018-02-17T08:25:44.555Z"}
{"level":"debug","message":"Loading middleware: fallback","timestamp":"2018-02-17T08:25:44.556Z"}
{"level":"info","message":"\u001b[32m\u001b[1mBot launched. Visit: http://localhost:3000\u001b[22m\u001b[39m","timestamp":"2018-02-17T08:25:44.584Z"}
{"message":"An error has been returned by Facebook API.\nStatus: 400 (Bad Request)\n(#100) Param callback_url is not a valid URI.","stack":"Error: An error has been returned by Facebook API.\nStatus: 400 (Bad Request)\n(#100) Param callback_url is not a valid URI.\n    at C:\\Users\\JOELDACUMA\\Documents\\mysandbox\\kiko\\node_modules\\botpress-messenger\\bin\\webpack:\\src\\messenger.js:606:13\n    at PassThroughHandlerContext.finallyHandler (C:\\Users\\JOELDACUMA\\Documents\\mysandbox\\kiko\\node_modules\\bluebird\\js\\release\\finally.js:56:23)\n    at PassThroughHandlerContext.tryCatcher (C:\\Users\\JOELDACUMA\\Documents\\mysandbox\\kiko\\node_modules\\bluebird\\js\\release\\util.js:16:23)\n    at Promise._settlePromiseFromHandler (C:\\Users\\JOELDACUMA\\Documents\\mysandbox\\kiko\\node_modules\\bluebird\\js\\release\\promise.js:512:31)\n    at Promise._settlePromise (C:\\Users\\JOELDACUMA\\Documents\\mysandbox\\kiko\\node_modules\\bluebird\\js\\release\\promise.js:569:18)\n    at Promise._settlePromise0 (C:\\Users\\JOELDACUMA\\Documents\\mysandbox\\kiko\\node_modules\\bluebird\\js\\release\\promise.js:614:10)\n    at Promise._settlePromises (C:\\Users\\JOELDACUMA\\Documents\\mysandbox\\kiko\\node_modules\\bluebird\\js\\release\\promise.js:693:18)\n    at Async._drainQueue (C:\\Users\\JOELDACUMA\\Documents\\mysandbox\\kiko\\node_modules\\bluebird\\js\\release\\async.js:133:16)\n    at Async._drainQueues (C:\\Users\\JOELDACUMA\\Documents\\mysandbox\\kiko\\node_modules\\bluebird\\js\\release\\async.js:143:10)\n    at Immediate.Async.drainQueues (C:\\Users\\JOELDACUMA\\Documents\\mysandbox\\kiko\\node_modules\\bluebird\\js\\release\\async.js:17:14)\n    at runCallback (timers.js:781:20)\n    at tryOnImmediate (timers.js:743:5)\n    at processImmediate [as _immediateCallback] (timers.js:714:5)","level":"error","timestamp":"2018-02-17T08:25:45.215Z"}
{"level":"error","message":"[notification::botpress] Error updating Messenger App. Please see logs for details.","timestamp":"2018-02-17T08:25:45.232Z"}
{"level":"info","message":"Starting botpress version 1.1.13","timestamp":"2018-02-17T08:26:03.074Z"}
{"level":"verbose","message":"[UMM] Enabled for facebook","timestamp":"2018-02-17T08:26:03.493Z"}
{"level":"info","message":"Loaded botpress-messenger, version 2.2.10","timestamp":"2018-02-17T08:26:03.493Z"}
{"level":"verbose","message":"[UMM] Enabled for web","timestamp":"2018-02-17T08:26:03.496Z"}
{"level":"info","message":"Loaded botpress-web, version 1.2.3","timestamp":"2018-02-17T08:26:03.496Z"}
{"level":"info","message":"Loaded 2 modules","timestamp":"2018-02-17T08:26:03.496Z"}
{"level":"debug","message":"Loading middleware: UMM.instrumentation","timestamp":"2018-02-17T08:26:03.509Z"}
{"level":"debug","message":"Loading middleware: hear","timestamp":"2018-02-17T08:26:03.510Z"}
{"level":"debug","message":"Loading middleware: conversations","timestamp":"2018-02-17T08:26:03.510Z"}
{"level":"debug","message":"Loading middleware: messenger.sendMessages","timestamp":"2018-02-17T08:26:03.511Z"}
{"level":"debug","message":"Loading middleware: web.sendMessages","timestamp":"2018-02-17T08:26:03.511Z"}
{"level":"debug","message":"Loading middleware: fallback","timestamp":"2018-02-17T08:26:03.512Z"}
{"level":"info","message":"\u001b[32m\u001b[1mBot launched. Visit: http://localhost:3000\u001b[22m\u001b[39m","timestamp":"2018-02-17T08:26:03.535Z"}
{"message":"An error has been returned by Facebook API.\nStatus: 400 (Bad Request)\n(#100) Param callback_url is not a valid URI.","stack":"Error: An error has been returned by Facebook API.\nStatus: 400 (Bad Request)\n(#100) Param callback_url is not a valid URI.\n    at C:\\Users\\JOELDACUMA\\Documents\\mysandbox\\kiko\\node_modules\\botpress-messenger\\bin\\webpack:\\src\\messenger.js:606:13\n    at PassThroughHandlerContext.finallyHandler (C:\\Users\\JOELDACUMA\\Documents\\mysandbox\\kiko\\node_modules\\bluebird\\js\\release\\finally.js:56:23)\n    at PassThroughHandlerContext.tryCatcher (C:\\Users\\JOELDACUMA\\Documents\\mysandbox\\kiko\\node_modules\\bluebird\\js\\release\\util.js:16:23)\n    at Promise._settlePromiseFromHandler (C:\\Users\\JOELDACUMA\\Documents\\mysandbox\\kiko\\node_modules\\bluebird\\js\\release\\promise.js:512:31)\n    at Promise._settlePromise (C:\\Users\\JOELDACUMA\\Documents\\mysandbox\\kiko\\node_modules\\bluebird\\js\\release\\promise.js:569:18)\n    at Promise._settlePromise0 (C:\\Users\\JOELDACUMA\\Documents\\mysandbox\\kiko\\node_modules\\bluebird\\js\\release\\promise.js:614:10)\n    at Promise._settlePromises (C:\\Users\\JOELDACUMA\\Documents\\mysandbox\\kiko\\node_modules\\bluebird\\js\\release\\promise.js:693:18)\n    at Async._drainQueue (C:\\Users\\JOELDACUMA\\Documents\\mysandbox\\kiko\\node_modules\\bluebird\\js\\release\\async.js:133:16)\n    at Async._drainQueues (C:\\Users\\JOELDACUMA\\Documents\\mysandbox\\kiko\\node_modules\\bluebird\\js\\release\\async.js:143:10)\n    at Immediate.Async.drainQueues (C:\\Users\\JOELDACUMA\\Documents\\mysandbox\\kiko\\node_modules\\bluebird\\js\\release\\async.js:17:14)\n    at runCallback (timers.js:781:20)\n    at tryOnImmediate (timers.js:743:5)\n    at processImmediate [as _immediateCallback] (timers.js:714:5)","level":"error","timestamp":"2018-02-17T08:26:04.116Z"}
{"level":"error","message":"[notification::botpress] Error updating Messenger App. Please see logs for details.","timestamp":"2018-02-17T08:26:04.132Z"}
{"level":"info","message":"Starting botpress version 1.1.13","timestamp":"2018-02-17T08:30:09.514Z"}
{"level":"verbose","message":"[UMM] Enabled for facebook","timestamp":"2018-02-17T08:30:09.937Z"}
{"level":"info","message":"Loaded botpress-messenger, version 2.2.10","timestamp":"2018-02-17T08:30:09.937Z"}
{"level":"verbose","message":"[UMM] Enabled for web","timestamp":"2018-02-17T08:30:09.940Z"}
{"level":"info","message":"Loaded botpress-web, version 1.2.3","timestamp":"2018-02-17T08:30:09.941Z"}
{"level":"info","message":"Loaded 2 modules","timestamp":"2018-02-17T08:30:09.942Z"}
{"level":"debug","message":"Loading middleware: UMM.instrumentation","timestamp":"2018-02-17T08:30:09.965Z"}
{"level":"debug","message":"Loading middleware: hear","timestamp":"2018-02-17T08:30:09.965Z"}
{"level":"debug","message":"Loading middleware: conversations","timestamp":"2018-02-17T08:30:09.965Z"}
{"level":"debug","message":"Loading middleware: messenger.sendMessages","timestamp":"2018-02-17T08:30:09.966Z"}
{"level":"debug","message":"Loading middleware: web.sendMessages","timestamp":"2018-02-17T08:30:09.967Z"}
{"level":"debug","message":"Loading middleware: fallback","timestamp":"2018-02-17T08:30:09.968Z"}
{"level":"info","message":"\u001b[32m\u001b[1mBot launched. Visit: http://localhost:3000\u001b[22m\u001b[39m","timestamp":"2018-02-17T08:30:09.991Z"}
{"message":"An error has been returned by Facebook API.\nStatus: 400 (Bad Request)\n(#100) Param callback_url is not a valid URI.","stack":"Error: An error has been returned by Facebook API.\nStatus: 400 (Bad Request)\n(#100) Param callback_url is not a valid URI.\n    at C:\\Users\\JOELDACUMA\\Documents\\mysandbox\\kiko\\node_modules\\botpress-messenger\\bin\\webpack:\\src\\messenger.js:606:13\n    at PassThroughHandlerContext.finallyHandler (C:\\Users\\JOELDACUMA\\Documents\\mysandbox\\kiko\\node_modules\\bluebird\\js\\release\\finally.js:56:23)\n    at PassThroughHandlerContext.tryCatcher (C:\\Users\\JOELDACUMA\\Documents\\mysandbox\\kiko\\node_modules\\bluebird\\js\\release\\util.js:16:23)\n    at Promise._settlePromiseFromHandler (C:\\Users\\JOELDACUMA\\Documents\\mysandbox\\kiko\\node_modules\\bluebird\\js\\release\\promise.js:512:31)\n    at Promise._settlePromise (C:\\Users\\JOELDACUMA\\Documents\\mysandbox\\kiko\\node_modules\\bluebird\\js\\release\\promise.js:569:18)\n    at Promise._settlePromise0 (C:\\Users\\JOELDACUMA\\Documents\\mysandbox\\kiko\\node_modules\\bluebird\\js\\release\\promise.js:614:10)\n    at Promise._settlePromises (C:\\Users\\JOELDACUMA\\Documents\\mysandbox\\kiko\\node_modules\\bluebird\\js\\release\\promise.js:693:18)\n    at Async._drainQueue (C:\\Users\\JOELDACUMA\\Documents\\mysandbox\\kiko\\node_modules\\bluebird\\js\\release\\async.js:133:16)\n    at Async._drainQueues (C:\\Users\\JOELDACUMA\\Documents\\mysandbox\\kiko\\node_modules\\bluebird\\js\\release\\async.js:143:10)\n    at Immediate.Async.drainQueues (C:\\Users\\JOELDACUMA\\Documents\\mysandbox\\kiko\\node_modules\\bluebird\\js\\release\\async.js:17:14)\n    at runCallback (timers.js:781:20)\n    at tryOnImmediate (timers.js:743:5)\n    at processImmediate [as _immediateCallback] (timers.js:714:5)","level":"error","timestamp":"2018-02-17T08:30:10.623Z"}
{"level":"error","message":"[notification::botpress] Error updating Messenger App. Please see logs for details.","timestamp":"2018-02-17T08:30:10.686Z"}
{"level":"info","message":"Starting botpress version 1.1.13","timestamp":"2018-02-17T08:37:41.381Z"}
{"level":"verbose","message":"[UMM] Enabled for facebook","timestamp":"2018-02-17T08:37:41.855Z"}
{"level":"info","message":"Loaded botpress-messenger, version 2.2.10","timestamp":"2018-02-17T08:37:41.855Z"}
{"level":"verbose","message":"[UMM] Enabled for web","timestamp":"2018-02-17T08:37:41.859Z"}
{"level":"info","message":"Loaded botpress-web, version 1.2.3","timestamp":"2018-02-17T08:37:41.860Z"}
{"level":"info","message":"Loaded 2 modules","timestamp":"2018-02-17T08:37:41.860Z"}
{"level":"debug","message":"Loading middleware: UMM.instrumentation","timestamp":"2018-02-17T08:37:41.879Z"}
{"level":"debug","message":"Loading middleware: hear","timestamp":"2018-02-17T08:37:41.882Z"}
{"level":"debug","message":"Loading middleware: conversations","timestamp":"2018-02-17T08:37:41.883Z"}
{"level":"debug","message":"Loading middleware: messenger.sendMessages","timestamp":"2018-02-17T08:37:41.887Z"}
{"level":"debug","message":"Loading middleware: web.sendMessages","timestamp":"2018-02-17T08:37:41.888Z"}
{"level":"debug","message":"Loading middleware: fallback","timestamp":"2018-02-17T08:37:41.889Z"}
{"level":"info","message":"\u001b[32m\u001b[1mBot launched. Visit: http://localhost:3000\u001b[22m\u001b[39m","timestamp":"2018-02-17T08:37:41.948Z"}
{"message":"An error has been returned by Facebook API.\nStatus: 400 (Bad Request)\n(#100) Param callback_url is not a valid URI.","stack":"Error: An error has been returned by Facebook API.\nStatus: 400 (Bad Request)\n(#100) Param callback_url is not a valid URI.\n    at C:\\Users\\JOELDACUMA\\Documents\\mysandbox\\kiko\\node_modules\\botpress-messenger\\bin\\webpack:\\src\\messenger.js:606:13\n    at PassThroughHandlerContext.finallyHandler (C:\\Users\\JOELDACUMA\\Documents\\mysandbox\\kiko\\node_modules\\bluebird\\js\\release\\finally.js:56:23)\n    at PassThroughHandlerContext.tryCatcher (C:\\Users\\JOELDACUMA\\Documents\\mysandbox\\kiko\\node_modules\\bluebird\\js\\release\\util.js:16:23)\n    at Promise._settlePromiseFromHandler (C:\\Users\\JOELDACUMA\\Documents\\mysandbox\\kiko\\node_modules\\bluebird\\js\\release\\promise.js:512:31)\n    at Promise._settlePromise (C:\\Users\\JOELDACUMA\\Documents\\mysandbox\\kiko\\node_modules\\bluebird\\js\\release\\promise.js:569:18)\n    at Promise._settlePromise0 (C:\\Users\\JOELDACUMA\\Documents\\mysandbox\\kiko\\node_modules\\bluebird\\js\\release\\promise.js:614:10)\n    at Promise._settlePromises (C:\\Users\\JOELDACUMA\\Documents\\mysandbox\\kiko\\node_modules\\bluebird\\js\\release\\promise.js:693:18)\n    at Async._drainQueue (C:\\Users\\JOELDACUMA\\Documents\\mysandbox\\kiko\\node_modules\\bluebird\\js\\release\\async.js:133:16)\n    at Async._drainQueues (C:\\Users\\JOELDACUMA\\Documents\\mysandbox\\kiko\\node_modules\\bluebird\\js\\release\\async.js:143:10)\n    at Immediate.Async.drainQueues (C:\\Users\\JOELDACUMA\\Documents\\mysandbox\\kiko\\node_modules\\bluebird\\js\\release\\async.js:17:14)\n    at runCallback (timers.js:781:20)\n    at tryOnImmediate (timers.js:743:5)\n    at processImmediate [as _immediateCallback] (timers.js:714:5)","level":"error","timestamp":"2018-02-17T08:37:42.594Z"}
{"level":"error","message":"[notification::botpress] Error updating Messenger App. Please see logs for details.","timestamp":"2018-02-17T08:37:42.629Z"}
{"level":"info","message":"Starting botpress version 1.1.13","timestamp":"2018-02-17T08:38:11.009Z"}
{"level":"verbose","message":"[UMM] Enabled for facebook","timestamp":"2018-02-17T08:38:11.526Z"}
{"level":"info","message":"Loaded botpress-messenger, version 2.2.10","timestamp":"2018-02-17T08:38:11.527Z"}
{"level":"verbose","message":"[UMM] Enabled for web","timestamp":"2018-02-17T08:38:11.536Z"}
{"level":"info","message":"Loaded botpress-web, version 1.2.3","timestamp":"2018-02-17T08:38:11.536Z"}
{"level":"info","message":"Loaded 2 modules","timestamp":"2018-02-17T08:38:11.537Z"}
{"level":"debug","message":"Loading middleware: UMM.instrumentation","timestamp":"2018-02-17T08:38:11.556Z"}
{"level":"debug","message":"Loading middleware: hear","timestamp":"2018-02-17T08:38:11.557Z"}
{"level":"debug","message":"Loading middleware: conversations","timestamp":"2018-02-17T08:38:11.558Z"}
{"level":"debug","message":"Loading middleware: messenger.sendMessages","timestamp":"2018-02-17T08:38:11.559Z"}
{"level":"debug","message":"Loading middleware: web.sendMessages","timestamp":"2018-02-17T08:38:11.559Z"}
{"level":"debug","message":"Loading middleware: fallback","timestamp":"2018-02-17T08:38:11.560Z"}
{"level":"info","message":"\u001b[32m\u001b[1mBot launched. Visit: http://localhost:3000\u001b[22m\u001b[39m","timestamp":"2018-02-17T08:38:11.597Z"}
{"message":"An error has been returned by Facebook API.\nStatus: 400 (Bad Request)\n(#100) Param callback_url is not a valid URI.","stack":"Error: An error has been returned by Facebook API.\nStatus: 400 (Bad Request)\n(#100) Param callback_url is not a valid URI.\n    at C:\\Users\\JOELDACUMA\\Documents\\mysandbox\\kiko\\node_modules\\botpress-messenger\\bin\\webpack:\\src\\messenger.js:606:13\n    at PassThroughHandlerContext.finallyHandler (C:\\Users\\JOELDACUMA\\Documents\\mysandbox\\kiko\\node_modules\\bluebird\\js\\release\\finally.js:56:23)\n    at PassThroughHandlerContext.tryCatcher (C:\\Users\\JOELDACUMA\\Documents\\mysandbox\\kiko\\node_modules\\bluebird\\js\\release\\util.js:16:23)\n    at Promise._settlePromiseFromHandler (C:\\Users\\JOELDACUMA\\Documents\\mysandbox\\kiko\\node_modules\\bluebird\\js\\release\\promise.js:512:31)\n    at Promise._settlePromise (C:\\Users\\JOELDACUMA\\Documents\\mysandbox\\kiko\\node_modules\\bluebird\\js\\release\\promise.js:569:18)\n    at Promise._settlePromise0 (C:\\Users\\JOELDACUMA\\Documents\\mysandbox\\kiko\\node_modules\\bluebird\\js\\release\\promise.js:614:10)\n    at Promise._settlePromises (C:\\Users\\JOELDACUMA\\Documents\\mysandbox\\kiko\\node_modules\\bluebird\\js\\release\\promise.js:693:18)\n    at Async._drainQueue (C:\\Users\\JOELDACUMA\\Documents\\mysandbox\\kiko\\node_modules\\bluebird\\js\\release\\async.js:133:16)\n    at Async._drainQueues (C:\\Users\\JOELDACUMA\\Documents\\mysandbox\\kiko\\node_modules\\bluebird\\js\\release\\async.js:143:10)\n    at Immediate.Async.drainQueues (C:\\Users\\JOELDACUMA\\Documents\\mysandbox\\kiko\\node_modules\\bluebird\\js\\release\\async.js:17:14)\n    at runCallback (timers.js:781:20)\n    at tryOnImmediate (timers.js:743:5)\n    at processImmediate [as _immediateCallback] (timers.js:714:5)","level":"error","timestamp":"2018-02-17T08:38:12.191Z"}
{"level":"error","message":"[notification::botpress] Error updating Messenger App. Please see logs for details.","timestamp":"2018-02-17T08:38:12.207Z"}
{"level":"info","message":"Starting botpress version 1.1.13","timestamp":"2018-02-17T08:44:11.645Z"}
{"level":"verbose","message":"[UMM] Enabled for facebook","timestamp":"2018-02-17T08:44:12.048Z"}
{"level":"info","message":"Loaded botpress-messenger, version 2.2.10","timestamp":"2018-02-17T08:44:12.048Z"}
{"level":"verbose","message":"[UMM] Enabled for web","timestamp":"2018-02-17T08:44:12.052Z"}
{"level":"info","message":"Loaded botpress-web, version 1.2.3","timestamp":"2018-02-17T08:44:12.052Z"}
{"level":"info","message":"Loaded 2 modules","timestamp":"2018-02-17T08:44:12.053Z"}
{"level":"debug","message":"Loading middleware: UMM.instrumentation","timestamp":"2018-02-17T08:44:12.067Z"}
{"level":"debug","message":"Loading middleware: hear","timestamp":"2018-02-17T08:44:12.069Z"}
{"level":"debug","message":"Loading middleware: conversations","timestamp":"2018-02-17T08:44:12.070Z"}
{"level":"debug","message":"Loading middleware: messenger.sendMessages","timestamp":"2018-02-17T08:44:12.071Z"}
{"level":"debug","message":"Loading middleware: web.sendMessages","timestamp":"2018-02-17T08:44:12.072Z"}
{"level":"debug","message":"Loading middleware: fallback","timestamp":"2018-02-17T08:44:12.072Z"}
{"level":"info","message":"\u001b[32m\u001b[1mBot launched. Visit: http://localhost:3000\u001b[22m\u001b[39m","timestamp":"2018-02-17T08:44:12.093Z"}
{"message":"An error has been returned by Facebook API.\nStatus: 400 (Bad Request)\n(#100) Param callback_url is not a valid URI.","stack":"Error: An error has been returned by Facebook API.\nStatus: 400 (Bad Request)\n(#100) Param callback_url is not a valid URI.\n    at C:\\Users\\JOELDACUMA\\Documents\\mysandbox\\kiko\\node_modules\\botpress-messenger\\bin\\webpack:\\src\\messenger.js:606:13\n    at PassThroughHandlerContext.finallyHandler (C:\\Users\\JOELDACUMA\\Documents\\mysandbox\\kiko\\node_modules\\bluebird\\js\\release\\finally.js:56:23)\n    at PassThroughHandlerContext.tryCatcher (C:\\Users\\JOELDACUMA\\Documents\\mysandbox\\kiko\\node_modules\\bluebird\\js\\release\\util.js:16:23)\n    at Promise._settlePromiseFromHandler (C:\\Users\\JOELDACUMA\\Documents\\mysandbox\\kiko\\node_modules\\bluebird\\js\\release\\promise.js:512:31)\n    at Promise._settlePromise (C:\\Users\\JOELDACUMA\\Documents\\mysandbox\\kiko\\node_modules\\bluebird\\js\\release\\promise.js:569:18)\n    at Promise._settlePromise0 (C:\\Users\\JOELDACUMA\\Documents\\mysandbox\\kiko\\node_modules\\bluebird\\js\\release\\promise.js:614:10)\n    at Promise._settlePromises (C:\\Users\\JOELDACUMA\\Documents\\mysandbox\\kiko\\node_modules\\bluebird\\js\\release\\promise.js:693:18)\n    at Async._drainQueue (C:\\Users\\JOELDACUMA\\Documents\\mysandbox\\kiko\\node_modules\\bluebird\\js\\release\\async.js:133:16)\n    at Async._drainQueues (C:\\Users\\JOELDACUMA\\Documents\\mysandbox\\kiko\\node_modules\\bluebird\\js\\release\\async.js:143:10)\n    at Immediate.Async.drainQueues (C:\\Users\\JOELDACUMA\\Documents\\mysandbox\\kiko\\node_modules\\bluebird\\js\\release\\async.js:17:14)\n    at runCallback (timers.js:781:20)\n    at tryOnImmediate (timers.js:743:5)\n    at processImmediate [as _immediateCallback] (timers.js:714:5)","level":"error","timestamp":"2018-02-17T08:44:12.750Z"}
{"level":"error","message":"[notification::botpress] Error updating Messenger App. Please see logs for details.","timestamp":"2018-02-17T08:44:12.813Z"}
{"level":"info","message":"Starting botpress version 1.1.13","timestamp":"2018-02-17T08:47:44.673Z"}
{"level":"verbose","message":"[UMM] Enabled for facebook","timestamp":"2018-02-17T08:47:45.087Z"}
{"level":"info","message":"Loaded botpress-messenger, version 2.2.10","timestamp":"2018-02-17T08:47:45.088Z"}
{"level":"verbose","message":"[UMM] Enabled for web","timestamp":"2018-02-17T08:47:45.092Z"}
{"level":"info","message":"Loaded botpress-web, version 1.2.3","timestamp":"2018-02-17T08:47:45.092Z"}
{"level":"info","message":"Loaded 2 modules","timestamp":"2018-02-17T08:47:45.093Z"}
{"level":"debug","message":"Loading middleware: UMM.instrumentation","timestamp":"2018-02-17T08:47:45.105Z"}
{"level":"debug","message":"Loading middleware: hear","timestamp":"2018-02-17T08:47:45.106Z"}
{"level":"debug","message":"Loading middleware: conversations","timestamp":"2018-02-17T08:47:45.106Z"}
{"level":"debug","message":"Loading middleware: messenger.sendMessages","timestamp":"2018-02-17T08:47:45.107Z"}
{"level":"debug","message":"Loading middleware: web.sendMessages","timestamp":"2018-02-17T08:47:45.108Z"}
{"level":"debug","message":"Loading middleware: fallback","timestamp":"2018-02-17T08:47:45.109Z"}
{"level":"info","message":"\u001b[32m\u001b[1mBot launched. Visit: http://localhost:3000\u001b[22m\u001b[39m","timestamp":"2018-02-17T08:47:45.132Z"}
{"message":"Unhandled Rejection in Promise:  Promise {\n  _bitField: 18087936,\n  _fulfillmentHandler0: \n   { YAMLException: bad indentation of a mapping entry at line 13, column 2:\n        displayGetStarted: true\n        ^\n       at generateError (C:\\Users\\JOELDACUMA\\Documents\\mysandbox\\kiko\\node_modules\\js-yaml\\lib\\js-yaml\\loader.js:165:10)\n       at throwError (C:\\Users\\JOELDACUMA\\Documents\\mysandbox\\kiko\\node_modules\\js-yaml\\lib\\js-yaml\\loader.js:171:9)\n       at readBlockMapping (C:\\Users\\JOELDACUMA\\Documents\\mysandbox\\kiko\\node_modules\\js-yaml\\lib\\js-yaml\\loader.js:1080:7)\n       at composeNode (C:\\Users\\JOELDACUMA\\Documents\\mysandbox\\kiko\\node_modules\\js-yaml\\lib\\js-yaml\\loader.js:1332:12)\n       at readDocument (C:\\Users\\JOELDACUMA\\Documents\\mysandbox\\kiko\\node_modules\\js-yaml\\lib\\js-yaml\\loader.js:1492:3)\n       at loadDocuments (C:\\Users\\JOELDACUMA\\Documents\\mysandbox\\kiko\\node_modules\\js-yaml\\lib\\js-yaml\\loader.js:1548:5)\n       at loadAll (C:\\Users\\JOELDACUMA\\Documents\\mysandbox\\kiko\\node_modules\\js-yaml\\lib\\js-yaml\\loader.js:1556:19)\n       at Object.safeLoadAll (C:\\Users\\JOELDACUMA\\Documents\\mysandbox\\kiko\\node_modules\\js-yaml\\lib\\js-yaml\\loader.js:1583:5)\n       at eval (webpack-internal:///44:174:32)\n       at tryCatcher (C:\\Users\\JOELDACUMA\\Documents\\mysandbox\\kiko\\node_modules\\bluebird\\js\\release\\util.js:16:23)\n       at Function.Promise.fromNode.Promise.fromCallback (C:\\Users\\JOELDACUMA\\Documents\\mysandbox\\kiko\\node_modules\\bluebird\\js\\release\\promise.js:180:30)\n       at _callee$ (webpack-internal:///44:173:39)\n       at tryCatch (C:\\Users\\JOELDACUMA\\AppData\\Roaming\\npm\\node_modules\\botpress\\node_modules\\regenerator-runtime\\runtime.js:65:40)\n       at Generator.invoke [as _invoke] (C:\\Users\\JOELDACUMA\\AppData\\Roaming\\npm\\node_modules\\botpress\\node_modules\\regenerator-runtime\\runtime.js:303:22)\n       at Generator.prototype.(anonymous function) [as next] (C:\\Users\\JOELDACUMA\\AppData\\Roaming\\npm\\node_modules\\botpress\\node_modules\\regenerator-runtime\\runtime.js:117:21)\n       at step (webpack-internal:///44:27:202)\n       at eval (webpack-internal:///44:27:459)\n       at Promise._execute (C:\\Users\\JOELDACUMA\\Documents\\mysandbox\\kiko\\node_modules\\bluebird\\js\\release\\debuggability.js:303:9)\n       at Promise._resolveFromExecutor (C:\\Users\\JOELDACUMA\\Documents\\mysandbox\\kiko\\node_modules\\bluebird\\js\\release\\promise.js:483:18)\n       at new Promise (C:\\Users\\JOELDACUMA\\Documents\\mysandbox\\kiko\\node_modules\\bluebird\\js\\release\\promise.js:79:10)\n       at eval (webpack-internal:///44:27:99)\n       at overwriteFromConfigFileValues (webpack-internal:///44:197:17)\n     name: 'YAMLException',\n     reason: 'bad indentation of a mapping entry',\n     mark: \n      Mark {\n        name: null,\n        buffer: '# Edit this file to set the Messenger\\'s module settings programmatically instead of using the GUI\\n# This is regular YAML syntax. See http://docs.ansible.com/ansible/YAMLSyntax.html\\n# You can override these settings with ENV variables. They are commented below.\\n\\nhostname: \"https://95d29608.ngrok.io\" # MESSENGER_HOST\\n\\napplicationID: \"815871605249936\" # MESSENGER_APP_ID\\naccessToken: \"EAALmBZBk2l5ABAPECal8LkWbTJofcYk6CZB04RlEjRAXizAo4j4gw8c744b5rEuItcuujZCoZBZAIKK9kGO7LLZApJeBz44gw91vgeMBd1P2rEmecZAzAgYbV7KmzhL4wocciZCbGjZAcKStfFF97jPnTuFGKLoZApg5lLrBfBCBBhdQZDZD\" # MESSENGER_ACCESS_TOKEN\\nappSecret: \"028199799be17d2fed2aa16e91de9d4c\" # MESSENGER_APP_SECRET\\n\\nverifyToken: \"123456\" # MESSENGER_VERIFY_TOKEN\\n\\n displayGetStarted: true\\n greetingMessage: \"Hello\"\\n\\n# https://developers.facebook.com/docs/messenger-platform/messenger-profile/persistent-menu\\n# persistentMenuItems: []\\n\\n# targetAudience: openToAll\\n# targetAudienceOpenToSome: \"\"\\n# targetAudienceCloseToSome: \"\"\\n\\n# trustedDomains: []\\n# autoRespondGetStarted: true\\n\\n# paymentTesters: []\\n\\n# chatExtensionHomeUrl: \"\"\\n# chatExtensionInTest: true\\n# chatExtensionShowShareButton: false\\n\\nenabled: true\\n\\u0000',\n        position: 711,\n        line: 12,\n        column: 1 },\n     message: 'bad indentation of a mapping entry at line 13, column 2:\\n     displayGetStarted: true\\n     ^' },\n  _rejectionHandler0: undefined,\n  _promise0: undefined,\n  _receiver0: undefined } Reason:","name":"YAMLException","reason":"bad indentation of a mapping entry","mark":{"name":null,"buffer":"# Edit this file to set the Messenger's module settings programmatically instead of using the GUI\n# This is regular YAML syntax. See http://docs.ansible.com/ansible/YAMLSyntax.html\n# You can override these settings with ENV variables. They are commented below.\n\nhostname: \"https://95d29608.ngrok.io\" # MESSENGER_HOST\n\napplicationID: \"815871605249936\" # MESSENGER_APP_ID\naccessToken: \"EAALmBZBk2l5ABAPECal8LkWbTJofcYk6CZB04RlEjRAXizAo4j4gw8c744b5rEuItcuujZCoZBZAIKK9kGO7LLZApJeBz44gw91vgeMBd1P2rEmecZAzAgYbV7KmzhL4wocciZCbGjZAcKStfFF97jPnTuFGKLoZApg5lLrBfBCBBhdQZDZD\" # MESSENGER_ACCESS_TOKEN\nappSecret: \"028199799be17d2fed2aa16e91de9d4c\" # MESSENGER_APP_SECRET\n\nverifyToken: \"123456\" # MESSENGER_VERIFY_TOKEN\n\n displayGetStarted: true\n greetingMessage: \"Hello\"\n\n# https://developers.facebook.com/docs/messenger-platform/messenger-profile/persistent-menu\n# persistentMenuItems: []\n\n# targetAudience: openToAll\n# targetAudienceOpenToSome: \"\"\n# targetAudienceCloseToSome: \"\"\n\n# trustedDomains: []\n# autoRespondGetStarted: true\n\n# paymentTesters: []\n\n# chatExtensionHomeUrl: \"\"\n# chatExtensionInTest: true\n# chatExtensionShowShareButton: false\n\nenabled: true\n\u0000","position":711,"line":12,"column":1},"stack":"YAMLException: bad indentation of a mapping entry at line 13, column 2:\n     displayGetStarted: true\n     ^\n    at generateError (C:\\Users\\JOELDACUMA\\Documents\\mysandbox\\kiko\\node_modules\\js-yaml\\lib\\js-yaml\\loader.js:165:10)\n    at throwError (C:\\Users\\JOELDACUMA\\Documents\\mysandbox\\kiko\\node_modules\\js-yaml\\lib\\js-yaml\\loader.js:171:9)\n    at readBlockMapping (C:\\Users\\JOELDACUMA\\Documents\\mysandbox\\kiko\\node_modules\\js-yaml\\lib\\js-yaml\\loader.js:1080:7)\n    at composeNode (C:\\Users\\JOELDACUMA\\Documents\\mysandbox\\kiko\\node_modules\\js-yaml\\lib\\js-yaml\\loader.js:1332:12)\n    at readDocument (C:\\Users\\JOELDACUMA\\Documents\\mysandbox\\kiko\\node_modules\\js-yaml\\lib\\js-yaml\\loader.js:1492:3)\n    at loadDocuments (C:\\Users\\JOELDACUMA\\Documents\\mysandbox\\kiko\\node_modules\\js-yaml\\lib\\js-yaml\\loader.js:1548:5)\n    at loadAll (C:\\Users\\JOELDACUMA\\Documents\\mysandbox\\kiko\\node_modules\\js-yaml\\lib\\js-yaml\\loader.js:1556:19)\n    at Object.safeLoadAll (C:\\Users\\JOELDACUMA\\Documents\\mysandbox\\kiko\\node_modules\\js-yaml\\lib\\js-yaml\\loader.js:1583:5)\n    at eval (webpack-internal:///44:174:32)\n    at tryCatcher (C:\\Users\\JOELDACUMA\\Documents\\mysandbox\\kiko\\node_modules\\bluebird\\js\\release\\util.js:16:23)\n    at Function.Promise.fromNode.Promise.fromCallback (C:\\Users\\JOELDACUMA\\Documents\\mysandbox\\kiko\\node_modules\\bluebird\\js\\release\\promise.js:180:30)\n    at _callee$ (webpack-internal:///44:173:39)\n    at tryCatch (C:\\Users\\JOELDACUMA\\AppData\\Roaming\\npm\\node_modules\\botpress\\node_modules\\regenerator-runtime\\runtime.js:65:40)\n    at Generator.invoke [as _invoke] (C:\\Users\\JOELDACUMA\\AppData\\Roaming\\npm\\node_modules\\botpress\\node_modules\\regenerator-runtime\\runtime.js:303:22)\n    at Generator.prototype.(anonymous function) [as next] (C:\\Users\\JOELDACUMA\\AppData\\Roaming\\npm\\node_modules\\botpress\\node_modules\\regenerator-runtime\\runtime.js:117:21)\n    at step (webpack-internal:///44:27:202)\n    at eval (webpack-internal:///44:27:459)\n    at Promise._execute (C:\\Users\\JOELDACUMA\\Documents\\mysandbox\\kiko\\node_modules\\bluebird\\js\\release\\debuggability.js:303:9)\n    at Promise._resolveFromExecutor (C:\\Users\\JOELDACUMA\\Documents\\mysandbox\\kiko\\node_modules\\bluebird\\js\\release\\promise.js:483:18)\n    at new Promise (C:\\Users\\JOELDACUMA\\Documents\\mysandbox\\kiko\\node_modules\\bluebird\\js\\release\\promise.js:79:10)\n    at eval (webpack-internal:///44:27:99)\n    at overwriteFromConfigFileValues (webpack-internal:///44:197:17)","level":"error","timestamp":"2018-02-17T08:47:45.189Z"}
{"level":"error","message":"YAMLException: bad indentation of a mapping entry at line 13, column 2:\n     displayGetStarted: true\n     ^\n    at generateError (C:\\Users\\JOELDACUMA\\Documents\\mysandbox\\kiko\\node_modules\\js-yaml\\lib\\js-yaml\\loader.js:165:10)\n    at throwError (C:\\Users\\JOELDACUMA\\Documents\\mysandbox\\kiko\\node_modules\\js-yaml\\lib\\js-yaml\\loader.js:171:9)\n    at readBlockMapping (C:\\Users\\JOELDACUMA\\Documents\\mysandbox\\kiko\\node_modules\\js-yaml\\lib\\js-yaml\\loader.js:1080:7)\n    at composeNode (C:\\Users\\JOELDACUMA\\Documents\\mysandbox\\kiko\\node_modules\\js-yaml\\lib\\js-yaml\\loader.js:1332:12)\n    at readDocument (C:\\Users\\JOELDACUMA\\Documents\\mysandbox\\kiko\\node_modules\\js-yaml\\lib\\js-yaml\\loader.js:1492:3)\n    at loadDocuments (C:\\Users\\JOELDACUMA\\Documents\\mysandbox\\kiko\\node_modules\\js-yaml\\lib\\js-yaml\\loader.js:1548:5)\n    at loadAll (C:\\Users\\JOELDACUMA\\Documents\\mysandbox\\kiko\\node_modules\\js-yaml\\lib\\js-yaml\\loader.js:1556:19)\n    at Object.safeLoadAll (C:\\Users\\JOELDACUMA\\Documents\\mysandbox\\kiko\\node_modules\\js-yaml\\lib\\js-yaml\\loader.js:1583:5)\n    at eval (webpack-internal:///44:174:32)\n    at tryCatcher (C:\\Users\\JOELDACUMA\\Documents\\mysandbox\\kiko\\node_modules\\bluebird\\js\\release\\util.js:16:23)\n    at Function.Promise.fromNode.Promise.fromCallback (C:\\Users\\JOELDACUMA\\Documents\\mysandbox\\kiko\\node_modules\\bluebird\\js\\release\\promise.js:180:30)\n    at _callee$ (webpack-internal:///44:173:39)\n    at tryCatch (C:\\Users\\JOELDACUMA\\AppData\\Roaming\\npm\\node_modules\\botpress\\node_modules\\regenerator-runtime\\runtime.js:65:40)\n    at Generator.invoke [as _invoke] (C:\\Users\\JOELDACUMA\\AppData\\Roaming\\npm\\node_modules\\botpress\\node_modules\\regenerator-runtime\\runtime.js:303:22)\n    at Generator.prototype.(anonymous function) [as next] (C:\\Users\\JOELDACUMA\\AppData\\Roaming\\npm\\node_modules\\botpress\\node_modules\\regenerator-runtime\\runtime.js:117:21)\n    at step (webpack-internal:///44:27:202)\n    at eval (webpack-internal:///44:27:459)\n    at Promise._execute (C:\\Users\\JOELDACUMA\\Documents\\mysandbox\\kiko\\node_modules\\bluebird\\js\\release\\debuggability.js:303:9)\n    at Promise._resolveFromExecutor (C:\\Users\\JOELDACUMA\\Documents\\mysandbox\\kiko\\node_modules\\bluebird\\js\\release\\promise.js:483:18)\n    at new Promise (C:\\Users\\JOELDACUMA\\Documents\\mysandbox\\kiko\\node_modules\\bluebird\\js\\release\\promise.js:79:10)\n    at eval (webpack-internal:///44:27:99)\n    at overwriteFromConfigFileValues (webpack-internal:///44:197:17)","timestamp":"2018-02-17T08:47:45.191Z"}
{"level":"info","message":"Starting botpress version 1.1.13","timestamp":"2018-02-17T08:50:31.774Z"}
{"level":"verbose","message":"[UMM] Enabled for facebook","timestamp":"2018-02-17T08:50:32.139Z"}
{"level":"info","message":"Loaded botpress-messenger, version 2.2.10","timestamp":"2018-02-17T08:50:32.142Z"}
{"level":"verbose","message":"[UMM] Enabled for web","timestamp":"2018-02-17T08:50:32.146Z"}
{"level":"info","message":"Loaded botpress-web, version 1.2.3","timestamp":"2018-02-17T08:50:32.146Z"}
{"level":"info","message":"Loaded 2 modules","timestamp":"2018-02-17T08:50:32.147Z"}
{"level":"debug","message":"Loading middleware: UMM.instrumentation","timestamp":"2018-02-17T08:50:32.164Z"}
{"level":"debug","message":"Loading middleware: hear","timestamp":"2018-02-17T08:50:32.164Z"}
{"level":"debug","message":"Loading middleware: conversations","timestamp":"2018-02-17T08:50:32.165Z"}
{"level":"debug","message":"Loading middleware: messenger.sendMessages","timestamp":"2018-02-17T08:50:32.165Z"}
{"level":"debug","message":"Loading middleware: web.sendMessages","timestamp":"2018-02-17T08:50:32.166Z"}
{"level":"debug","message":"Loading middleware: fallback","timestamp":"2018-02-17T08:50:32.166Z"}
{"level":"info","message":"\u001b[32m\u001b[1mBot launched. Visit: http://localhost:3000\u001b[22m\u001b[39m","timestamp":"2018-02-17T08:50:32.189Z"}
{"message":"Unhandled Rejection in Promise:  Promise {\n  _bitField: 18087936,\n  _fulfillmentHandler0: \n   { YAMLException: bad indentation of a mapping entry at line 13, column 2:\n        displayGetStarted: true\n        ^\n       at generateError (C:\\Users\\JOELDACUMA\\Documents\\mysandbox\\kiko\\node_modules\\js-yaml\\lib\\js-yaml\\loader.js:165:10)\n       at throwError (C:\\Users\\JOELDACUMA\\Documents\\mysandbox\\kiko\\node_modules\\js-yaml\\lib\\js-yaml\\loader.js:171:9)\n       at readBlockMapping (C:\\Users\\JOELDACUMA\\Documents\\mysandbox\\kiko\\node_modules\\js-yaml\\lib\\js-yaml\\loader.js:1080:7)\n       at composeNode (C:\\Users\\JOELDACUMA\\Documents\\mysandbox\\kiko\\node_modules\\js-yaml\\lib\\js-yaml\\loader.js:1332:12)\n       at readDocument (C:\\Users\\JOELDACUMA\\Documents\\mysandbox\\kiko\\node_modules\\js-yaml\\lib\\js-yaml\\loader.js:1492:3)\n       at loadDocuments (C:\\Users\\JOELDACUMA\\Documents\\mysandbox\\kiko\\node_modules\\js-yaml\\lib\\js-yaml\\loader.js:1548:5)\n       at loadAll (C:\\Users\\JOELDACUMA\\Documents\\mysandbox\\kiko\\node_modules\\js-yaml\\lib\\js-yaml\\loader.js:1556:19)\n       at Object.safeLoadAll (C:\\Users\\JOELDACUMA\\Documents\\mysandbox\\kiko\\node_modules\\js-yaml\\lib\\js-yaml\\loader.js:1583:5)\n       at eval (webpack-internal:///44:174:32)\n       at tryCatcher (C:\\Users\\JOELDACUMA\\Documents\\mysandbox\\kiko\\node_modules\\bluebird\\js\\release\\util.js:16:23)\n       at Function.Promise.fromNode.Promise.fromCallback (C:\\Users\\JOELDACUMA\\Documents\\mysandbox\\kiko\\node_modules\\bluebird\\js\\release\\promise.js:180:30)\n       at _callee$ (webpack-internal:///44:173:39)\n       at tryCatch (C:\\Users\\JOELDACUMA\\AppData\\Roaming\\npm\\node_modules\\botpress\\node_modules\\regenerator-runtime\\runtime.js:65:40)\n       at Generator.invoke [as _invoke] (C:\\Users\\JOELDACUMA\\AppData\\Roaming\\npm\\node_modules\\botpress\\node_modules\\regenerator-runtime\\runtime.js:303:22)\n       at Generator.prototype.(anonymous function) [as next] (C:\\Users\\JOELDACUMA\\AppData\\Roaming\\npm\\node_modules\\botpress\\node_modules\\regenerator-runtime\\runtime.js:117:21)\n       at step (webpack-internal:///44:27:202)\n       at eval (webpack-internal:///44:27:459)\n       at Promise._execute (C:\\Users\\JOELDACUMA\\Documents\\mysandbox\\kiko\\node_modules\\bluebird\\js\\release\\debuggability.js:303:9)\n       at Promise._resolveFromExecutor (C:\\Users\\JOELDACUMA\\Documents\\mysandbox\\kiko\\node_modules\\bluebird\\js\\release\\promise.js:483:18)\n       at new Promise (C:\\Users\\JOELDACUMA\\Documents\\mysandbox\\kiko\\node_modules\\bluebird\\js\\release\\promise.js:79:10)\n       at eval (webpack-internal:///44:27:99)\n       at overwriteFromConfigFileValues (webpack-internal:///44:197:17)\n     name: 'YAMLException',\n     reason: 'bad indentation of a mapping entry',\n     mark: \n      Mark {\n        name: null,\n        buffer: '# Edit this file to set the Messenger\\'s module settings programmatically instead of using the GUI\\n# This is regular YAML syntax. See http://docs.ansible.com/ansible/YAMLSyntax.html\\n# You can override these settings with ENV variables. They are commented below.\\n\\nhostname: \"https://95d29608.ngrok.io\" # MESSENGER_HOST\\n\\napplicationID: \"815871605249936\" # MESSENGER_APP_ID\\naccessToken: \"EAALmBZBk2l5ABAPECal8LkWbTJofcYk6CZB04RlEjRAXizAo4j4gw8c744b5rEuItcuujZCoZBZAIKK9kGO7LLZApJeBz44gw91vgeMBd1P2rEmecZAzAgYbV7KmzhL4wocciZCbGjZAcKStfFF97jPnTuFGKLoZApg5lLrBfBCBBhdQZDZD\" # MESSENGER_ACCESS_TOKEN\\nappSecret: \"028199799be17d2fed2aa16e91de9d4c\" # MESSENGER_APP_SECRET\\n\\nverifyToken: \"123456\" # MESSENGER_VERIFY_TOKEN\\n\\n displayGetStarted: true\\n greetingMessage: \"Hello\"\\n\\n# https://developers.facebook.com/docs/messenger-platform/messenger-profile/persistent-menu\\n# persistentMenuItems: []\\n\\n# targetAudience: openToAll\\n# targetAudienceOpenToSome: \"\"\\n# targetAudienceCloseToSome: \"\"\\n\\n# trustedDomains: []\\n# autoRespondGetStarted: true\\n\\n# paymentTesters: []\\n\\n# chatExtensionHomeUrl: \"\"\\n# chatExtensionInTest: true\\n# chatExtensionShowShareButton: false\\n\\nenabled: true\\n\\u0000',\n        position: 711,\n        line: 12,\n        column: 1 },\n     message: 'bad indentation of a mapping entry at line 13, column 2:\\n     displayGetStarted: true\\n     ^' },\n  _rejectionHandler0: undefined,\n  _promise0: undefined,\n  _receiver0: undefined } Reason:","name":"YAMLException","reason":"bad indentation of a mapping entry","mark":{"name":null,"buffer":"# Edit this file to set the Messenger's module settings programmatically instead of using the GUI\n# This is regular YAML syntax. See http://docs.ansible.com/ansible/YAMLSyntax.html\n# You can override these settings with ENV variables. They are commented below.\n\nhostname: \"https://95d29608.ngrok.io\" # MESSENGER_HOST\n\napplicationID: \"815871605249936\" # MESSENGER_APP_ID\naccessToken: \"EAALmBZBk2l5ABAPECal8LkWbTJofcYk6CZB04RlEjRAXizAo4j4gw8c744b5rEuItcuujZCoZBZAIKK9kGO7LLZApJeBz44gw91vgeMBd1P2rEmecZAzAgYbV7KmzhL4wocciZCbGjZAcKStfFF97jPnTuFGKLoZApg5lLrBfBCBBhdQZDZD\" # MESSENGER_ACCESS_TOKEN\nappSecret: \"028199799be17d2fed2aa16e91de9d4c\" # MESSENGER_APP_SECRET\n\nverifyToken: \"123456\" # MESSENGER_VERIFY_TOKEN\n\n displayGetStarted: true\n greetingMessage: \"Hello\"\n\n# https://developers.facebook.com/docs/messenger-platform/messenger-profile/persistent-menu\n# persistentMenuItems: []\n\n# targetAudience: openToAll\n# targetAudienceOpenToSome: \"\"\n# targetAudienceCloseToSome: \"\"\n\n# trustedDomains: []\n# autoRespondGetStarted: true\n\n# paymentTesters: []\n\n# chatExtensionHomeUrl: \"\"\n# chatExtensionInTest: true\n# chatExtensionShowShareButton: false\n\nenabled: true\n\u0000","position":711,"line":12,"column":1},"stack":"YAMLException: bad indentation of a mapping entry at line 13, column 2:\n     displayGetStarted: true\n     ^\n    at generateError (C:\\Users\\JOELDACUMA\\Documents\\mysandbox\\kiko\\node_modules\\js-yaml\\lib\\js-yaml\\loader.js:165:10)\n    at throwError (C:\\Users\\JOELDACUMA\\Documents\\mysandbox\\kiko\\node_modules\\js-yaml\\lib\\js-yaml\\loader.js:171:9)\n    at readBlockMapping (C:\\Users\\JOELDACUMA\\Documents\\mysandbox\\kiko\\node_modules\\js-yaml\\lib\\js-yaml\\loader.js:1080:7)\n    at composeNode (C:\\Users\\JOELDACUMA\\Documents\\mysandbox\\kiko\\node_modules\\js-yaml\\lib\\js-yaml\\loader.js:1332:12)\n    at readDocument (C:\\Users\\JOELDACUMA\\Documents\\mysandbox\\kiko\\node_modules\\js-yaml\\lib\\js-yaml\\loader.js:1492:3)\n    at loadDocuments (C:\\Users\\JOELDACUMA\\Documents\\mysandbox\\kiko\\node_modules\\js-yaml\\lib\\js-yaml\\loader.js:1548:5)\n    at loadAll (C:\\Users\\JOELDACUMA\\Documents\\mysandbox\\kiko\\node_modules\\js-yaml\\lib\\js-yaml\\loader.js:1556:19)\n    at Object.safeLoadAll (C:\\Users\\JOELDACUMA\\Documents\\mysandbox\\kiko\\node_modules\\js-yaml\\lib\\js-yaml\\loader.js:1583:5)\n    at eval (webpack-internal:///44:174:32)\n    at tryCatcher (C:\\Users\\JOELDACUMA\\Documents\\mysandbox\\kiko\\node_modules\\bluebird\\js\\release\\util.js:16:23)\n    at Function.Promise.fromNode.Promise.fromCallback (C:\\Users\\JOELDACUMA\\Documents\\mysandbox\\kiko\\node_modules\\bluebird\\js\\release\\promise.js:180:30)\n    at _callee$ (webpack-internal:///44:173:39)\n    at tryCatch (C:\\Users\\JOELDACUMA\\AppData\\Roaming\\npm\\node_modules\\botpress\\node_modules\\regenerator-runtime\\runtime.js:65:40)\n    at Generator.invoke [as _invoke] (C:\\Users\\JOELDACUMA\\AppData\\Roaming\\npm\\node_modules\\botpress\\node_modules\\regenerator-runtime\\runtime.js:303:22)\n    at Generator.prototype.(anonymous function) [as next] (C:\\Users\\JOELDACUMA\\AppData\\Roaming\\npm\\node_modules\\botpress\\node_modules\\regenerator-runtime\\runtime.js:117:21)\n    at step (webpack-internal:///44:27:202)\n    at eval (webpack-internal:///44:27:459)\n    at Promise._execute (C:\\Users\\JOELDACUMA\\Documents\\mysandbox\\kiko\\node_modules\\bluebird\\js\\release\\debuggability.js:303:9)\n    at Promise._resolveFromExecutor (C:\\Users\\JOELDACUMA\\Documents\\mysandbox\\kiko\\node_modules\\bluebird\\js\\release\\promise.js:483:18)\n    at new Promise (C:\\Users\\JOELDACUMA\\Documents\\mysandbox\\kiko\\node_modules\\bluebird\\js\\release\\promise.js:79:10)\n    at eval (webpack-internal:///44:27:99)\n    at overwriteFromConfigFileValues (webpack-internal:///44:197:17)","level":"error","timestamp":"2018-02-17T08:50:32.221Z"}
{"level":"error","message":"YAMLException: bad indentation of a mapping entry at line 13, column 2:\n     displayGetStarted: true\n     ^\n    at generateError (C:\\Users\\JOELDACUMA\\Documents\\mysandbox\\kiko\\node_modules\\js-yaml\\lib\\js-yaml\\loader.js:165:10)\n    at throwError (C:\\Users\\JOELDACUMA\\Documents\\mysandbox\\kiko\\node_modules\\js-yaml\\lib\\js-yaml\\loader.js:171:9)\n    at readBlockMapping (C:\\Users\\JOELDACUMA\\Documents\\mysandbox\\kiko\\node_modules\\js-yaml\\lib\\js-yaml\\loader.js:1080:7)\n    at composeNode (C:\\Users\\JOELDACUMA\\Documents\\mysandbox\\kiko\\node_modules\\js-yaml\\lib\\js-yaml\\loader.js:1332:12)\n    at readDocument (C:\\Users\\JOELDACUMA\\Documents\\mysandbox\\kiko\\node_modules\\js-yaml\\lib\\js-yaml\\loader.js:1492:3)\n    at loadDocuments (C:\\Users\\JOELDACUMA\\Documents\\mysandbox\\kiko\\node_modules\\js-yaml\\lib\\js-yaml\\loader.js:1548:5)\n    at loadAll (C:\\Users\\JOELDACUMA\\Documents\\mysandbox\\kiko\\node_modules\\js-yaml\\lib\\js-yaml\\loader.js:1556:19)\n    at Object.safeLoadAll (C:\\Users\\JOELDACUMA\\Documents\\mysandbox\\kiko\\node_modules\\js-yaml\\lib\\js-yaml\\loader.js:1583:5)\n    at eval (webpack-internal:///44:174:32)\n    at tryCatcher (C:\\Users\\JOELDACUMA\\Documents\\mysandbox\\kiko\\node_modules\\bluebird\\js\\release\\util.js:16:23)\n    at Function.Promise.fromNode.Promise.fromCallback (C:\\Users\\JOELDACUMA\\Documents\\mysandbox\\kiko\\node_modules\\bluebird\\js\\release\\promise.js:180:30)\n    at _callee$ (webpack-internal:///44:173:39)\n    at tryCatch (C:\\Users\\JOELDACUMA\\AppData\\Roaming\\npm\\node_modules\\botpress\\node_modules\\regenerator-runtime\\runtime.js:65:40)\n    at Generator.invoke [as _invoke] (C:\\Users\\JOELDACUMA\\AppData\\Roaming\\npm\\node_modules\\botpress\\node_modules\\regenerator-runtime\\runtime.js:303:22)\n    at Generator.prototype.(anonymous function) [as next] (C:\\Users\\JOELDACUMA\\AppData\\Roaming\\npm\\node_modules\\botpress\\node_modules\\regenerator-runtime\\runtime.js:117:21)\n    at step (webpack-internal:///44:27:202)\n    at eval (webpack-internal:///44:27:459)\n    at Promise._execute (C:\\Users\\JOELDACUMA\\Documents\\mysandbox\\kiko\\node_modules\\bluebird\\js\\release\\debuggability.js:303:9)\n    at Promise._resolveFromExecutor (C:\\Users\\JOELDACUMA\\Documents\\mysandbox\\kiko\\node_modules\\bluebird\\js\\release\\promise.js:483:18)\n    at new Promise (C:\\Users\\JOELDACUMA\\Documents\\mysandbox\\kiko\\node_modules\\bluebird\\js\\release\\promise.js:79:10)\n    at eval (webpack-internal:///44:27:99)\n    at overwriteFromConfigFileValues (webpack-internal:///44:197:17)","timestamp":"2018-02-17T08:50:32.223Z"}
{"level":"info","message":"Starting botpress version 1.1.13","timestamp":"2018-02-17T08:51:06.465Z"}
{"level":"verbose","message":"[UMM] Enabled for facebook","timestamp":"2018-02-17T08:51:06.825Z"}
{"level":"info","message":"Loaded botpress-messenger, version 2.2.10","timestamp":"2018-02-17T08:51:06.826Z"}
{"level":"verbose","message":"[UMM] Enabled for web","timestamp":"2018-02-17T08:51:06.829Z"}
{"level":"info","message":"Loaded botpress-web, version 1.2.3","timestamp":"2018-02-17T08:51:06.829Z"}
{"level":"info","message":"Loaded 2 modules","timestamp":"2018-02-17T08:51:06.830Z"}
{"level":"debug","message":"Loading middleware: UMM.instrumentation","timestamp":"2018-02-17T08:51:06.844Z"}
{"level":"debug","message":"Loading middleware: hear","timestamp":"2018-02-17T08:51:06.845Z"}
{"level":"debug","message":"Loading middleware: conversations","timestamp":"2018-02-17T08:51:06.847Z"}
{"level":"debug","message":"Loading middleware: messenger.sendMessages","timestamp":"2018-02-17T08:51:06.848Z"}
{"level":"debug","message":"Loading middleware: web.sendMessages","timestamp":"2018-02-17T08:51:06.848Z"}
{"level":"debug","message":"Loading middleware: fallback","timestamp":"2018-02-17T08:51:06.849Z"}
{"level":"info","message":"\u001b[32m\u001b[1mBot launched. Visit: http://localhost:3000\u001b[22m\u001b[39m","timestamp":"2018-02-17T08:51:06.869Z"}
{"message":"An error has been returned by Facebook API.\nStatus: 400 (Bad Request)\n(#100) Param callback_url is not a valid URI.","stack":"Error: An error has been returned by Facebook API.\nStatus: 400 (Bad Request)\n(#100) Param callback_url is not a valid URI.\n    at C:\\Users\\JOELDACUMA\\Documents\\mysandbox\\kiko\\node_modules\\botpress-messenger\\bin\\webpack:\\src\\messenger.js:606:13\n    at PassThroughHandlerContext.finallyHandler (C:\\Users\\JOELDACUMA\\Documents\\mysandbox\\kiko\\node_modules\\bluebird\\js\\release\\finally.js:56:23)\n    at PassThroughHandlerContext.tryCatcher (C:\\Users\\JOELDACUMA\\Documents\\mysandbox\\kiko\\node_modules\\bluebird\\js\\release\\util.js:16:23)\n    at Promise._settlePromiseFromHandler (C:\\Users\\JOELDACUMA\\Documents\\mysandbox\\kiko\\node_modules\\bluebird\\js\\release\\promise.js:512:31)\n    at Promise._settlePromise (C:\\Users\\JOELDACUMA\\Documents\\mysandbox\\kiko\\node_modules\\bluebird\\js\\release\\promise.js:569:18)\n    at Promise._settlePromise0 (C:\\Users\\JOELDACUMA\\Documents\\mysandbox\\kiko\\node_modules\\bluebird\\js\\release\\promise.js:614:10)\n    at Promise._settlePromises (C:\\Users\\JOELDACUMA\\Documents\\mysandbox\\kiko\\node_modules\\bluebird\\js\\release\\promise.js:693:18)\n    at Async._drainQueue (C:\\Users\\JOELDACUMA\\Documents\\mysandbox\\kiko\\node_modules\\bluebird\\js\\release\\async.js:133:16)\n    at Async._drainQueues (C:\\Users\\JOELDACUMA\\Documents\\mysandbox\\kiko\\node_modules\\bluebird\\js\\release\\async.js:143:10)\n    at Immediate.Async.drainQueues (C:\\Users\\JOELDACUMA\\Documents\\mysandbox\\kiko\\node_modules\\bluebird\\js\\release\\async.js:17:14)\n    at runCallback (timers.js:781:20)\n    at tryOnImmediate (timers.js:743:5)\n    at processImmediate [as _immediateCallback] (timers.js:714:5)","level":"error","timestamp":"2018-02-17T08:51:07.558Z"}
{"level":"error","message":"[notification::botpress] Error updating Messenger App. Please see logs for details.","timestamp":"2018-02-17T08:51:07.591Z"}
{"level":"info","message":"Starting botpress version 1.1.13","timestamp":"2018-02-17T08:52:02.093Z"}
{"level":"verbose","message":"[UMM] Enabled for facebook","timestamp":"2018-02-17T08:52:02.546Z"}
{"level":"info","message":"Loaded botpress-messenger, version 2.2.10","timestamp":"2018-02-17T08:52:02.546Z"}
{"level":"verbose","message":"[UMM] Enabled for web","timestamp":"2018-02-17T08:52:02.550Z"}
{"level":"info","message":"Loaded botpress-web, version 1.2.3","timestamp":"2018-02-17T08:52:02.550Z"}
{"level":"info","message":"Loaded 2 modules","timestamp":"2018-02-17T08:52:02.550Z"}
{"level":"debug","message":"Loading middleware: UMM.instrumentation","timestamp":"2018-02-17T08:52:02.575Z"}
{"level":"debug","message":"Loading middleware: hear","timestamp":"2018-02-17T08:52:02.575Z"}
{"level":"debug","message":"Loading middleware: conversations","timestamp":"2018-02-17T08:52:02.576Z"}
{"level":"debug","message":"Loading middleware: messenger.sendMessages","timestamp":"2018-02-17T08:52:02.576Z"}
{"level":"debug","message":"Loading middleware: web.sendMessages","timestamp":"2018-02-17T08:52:02.576Z"}
{"level":"debug","message":"Loading middleware: fallback","timestamp":"2018-02-17T08:52:02.577Z"}
{"level":"info","message":"\u001b[32m\u001b[1mBot launched. Visit: http://localhost:3000\u001b[22m\u001b[39m","timestamp":"2018-02-17T08:52:02.607Z"}
{"message":"An error has been returned by Facebook API.\nStatus: 400 (Bad Request)\n(#100) Param callback_url is not a valid URI.","stack":"Error: An error has been returned by Facebook API.\nStatus: 400 (Bad Request)\n(#100) Param callback_url is not a valid URI.\n    at C:\\Users\\JOELDACUMA\\Documents\\mysandbox\\kiko\\node_modules\\botpress-messenger\\bin\\webpack:\\src\\messenger.js:606:13\n    at PassThroughHandlerContext.finallyHandler (C:\\Users\\JOELDACUMA\\Documents\\mysandbox\\kiko\\node_modules\\bluebird\\js\\release\\finally.js:56:23)\n    at PassThroughHandlerContext.tryCatcher (C:\\Users\\JOELDACUMA\\Documents\\mysandbox\\kiko\\node_modules\\bluebird\\js\\release\\util.js:16:23)\n    at Promise._settlePromiseFromHandler (C:\\Users\\JOELDACUMA\\Documents\\mysandbox\\kiko\\node_modules\\bluebird\\js\\release\\promise.js:512:31)\n    at Promise._settlePromise (C:\\Users\\JOELDACUMA\\Documents\\mysandbox\\kiko\\node_modules\\bluebird\\js\\release\\promise.js:569:18)\n    at Promise._settlePromise0 (C:\\Users\\JOELDACUMA\\Documents\\mysandbox\\kiko\\node_modules\\bluebird\\js\\release\\promise.js:614:10)\n    at Promise._settlePromises (C:\\Users\\JOELDACUMA\\Documents\\mysandbox\\kiko\\node_modules\\bluebird\\js\\release\\promise.js:693:18)\n    at Async._drainQueue (C:\\Users\\JOELDACUMA\\Documents\\mysandbox\\kiko\\node_modules\\bluebird\\js\\release\\async.js:133:16)\n    at Async._drainQueues (C:\\Users\\JOELDACUMA\\Documents\\mysandbox\\kiko\\node_modules\\bluebird\\js\\release\\async.js:143:10)\n    at Immediate.Async.drainQueues (C:\\Users\\JOELDACUMA\\Documents\\mysandbox\\kiko\\node_modules\\bluebird\\js\\release\\async.js:17:14)\n    at runCallback (timers.js:781:20)\n    at tryOnImmediate (timers.js:743:5)\n    at processImmediate [as _immediateCallback] (timers.js:714:5)","level":"error","timestamp":"2018-02-17T08:52:03.208Z"}
{"level":"error","message":"[notification::botpress] Error updating Messenger App. Please see logs for details.","timestamp":"2018-02-17T08:52:03.249Z"}
{"level":"info","message":"Starting botpress version 1.1.13","timestamp":"2018-02-17T08:53:54.060Z"}
{"level":"verbose","message":"[UMM] Enabled for facebook","timestamp":"2018-02-17T08:53:54.425Z"}
{"level":"info","message":"Loaded botpress-messenger, version 2.2.10","timestamp":"2018-02-17T08:53:54.426Z"}
{"level":"verbose","message":"[UMM] Enabled for web","timestamp":"2018-02-17T08:53:54.429Z"}
{"level":"info","message":"Loaded botpress-web, version 1.2.3","timestamp":"2018-02-17T08:53:54.429Z"}
{"level":"info","message":"Loaded 2 modules","timestamp":"2018-02-17T08:53:54.430Z"}
{"level":"debug","message":"Loading middleware: UMM.instrumentation","timestamp":"2018-02-17T08:53:54.443Z"}
{"level":"debug","message":"Loading middleware: hear","timestamp":"2018-02-17T08:53:54.443Z"}
{"level":"debug","message":"Loading middleware: conversations","timestamp":"2018-02-17T08:53:54.443Z"}
{"level":"debug","message":"Loading middleware: messenger.sendMessages","timestamp":"2018-02-17T08:53:54.444Z"}
{"level":"debug","message":"Loading middleware: web.sendMessages","timestamp":"2018-02-17T08:53:54.444Z"}
{"level":"debug","message":"Loading middleware: fallback","timestamp":"2018-02-17T08:53:54.445Z"}
{"level":"info","message":"\u001b[32m\u001b[1mBot launched. Visit: http://localhost:3000\u001b[22m\u001b[39m","timestamp":"2018-02-17T08:53:54.469Z"}
{"message":"An error has been returned by Facebook API.\nStatus: 400 (Bad Request)\n(#100) Param callback_url is not a valid URI.","stack":"Error: An error has been returned by Facebook API.\nStatus: 400 (Bad Request)\n(#100) Param callback_url is not a valid URI.\n    at C:\\Users\\JOELDACUMA\\Documents\\mysandbox\\kiko\\node_modules\\botpress-messenger\\bin\\webpack:\\src\\messenger.js:606:13\n    at PassThroughHandlerContext.finallyHandler (C:\\Users\\JOELDACUMA\\Documents\\mysandbox\\kiko\\node_modules\\bluebird\\js\\release\\finally.js:56:23)\n    at PassThroughHandlerContext.tryCatcher (C:\\Users\\JOELDACUMA\\Documents\\mysandbox\\kiko\\node_modules\\bluebird\\js\\release\\util.js:16:23)\n    at Promise._settlePromiseFromHandler (C:\\Users\\JOELDACUMA\\Documents\\mysandbox\\kiko\\node_modules\\bluebird\\js\\release\\promise.js:512:31)\n    at Promise._settlePromise (C:\\Users\\JOELDACUMA\\Documents\\mysandbox\\kiko\\node_modules\\bluebird\\js\\release\\promise.js:569:18)\n    at Promise._settlePromise0 (C:\\Users\\JOELDACUMA\\Documents\\mysandbox\\kiko\\node_modules\\bluebird\\js\\release\\promise.js:614:10)\n    at Promise._settlePromises (C:\\Users\\JOELDACUMA\\Documents\\mysandbox\\kiko\\node_modules\\bluebird\\js\\release\\promise.js:693:18)\n    at Async._drainQueue (C:\\Users\\JOELDACUMA\\Documents\\mysandbox\\kiko\\node_modules\\bluebird\\js\\release\\async.js:133:16)\n    at Async._drainQueues (C:\\Users\\JOELDACUMA\\Documents\\mysandbox\\kiko\\node_modules\\bluebird\\js\\release\\async.js:143:10)\n    at Immediate.Async.drainQueues (C:\\Users\\JOELDACUMA\\Documents\\mysandbox\\kiko\\node_modules\\bluebird\\js\\release\\async.js:17:14)\n    at runCallback (timers.js:781:20)\n    at tryOnImmediate (timers.js:743:5)\n    at processImmediate [as _immediateCallback] (timers.js:714:5)","level":"error","timestamp":"2018-02-17T08:53:55.114Z"}
{"level":"error","message":"[notification::botpress] Error updating Messenger App. Please see logs for details.","timestamp":"2018-02-17T08:53:55.143Z"}
{"level":"info","message":"Starting botpress version 1.1.13","timestamp":"2018-02-17T08:59:11.326Z"}
{"level":"verbose","message":"[UMM] Enabled for facebook","timestamp":"2018-02-17T08:59:11.701Z"}
{"level":"info","message":"Loaded botpress-messenger, version 2.2.10","timestamp":"2018-02-17T08:59:11.701Z"}
{"level":"verbose","message":"[UMM] Enabled for web","timestamp":"2018-02-17T08:59:11.705Z"}
{"level":"info","message":"Loaded botpress-web, version 1.2.3","timestamp":"2018-02-17T08:59:11.705Z"}
{"level":"info","message":"Loaded 2 modules","timestamp":"2018-02-17T08:59:11.705Z"}
{"level":"debug","message":"Loading middleware: UMM.instrumentation","timestamp":"2018-02-17T08:59:11.719Z"}
{"level":"debug","message":"Loading middleware: hear","timestamp":"2018-02-17T08:59:11.719Z"}
{"level":"debug","message":"Loading middleware: conversations","timestamp":"2018-02-17T08:59:11.720Z"}
{"level":"debug","message":"Loading middleware: messenger.sendMessages","timestamp":"2018-02-17T08:59:11.721Z"}
{"level":"debug","message":"Loading middleware: web.sendMessages","timestamp":"2018-02-17T08:59:11.722Z"}
{"level":"debug","message":"Loading middleware: fallback","timestamp":"2018-02-17T08:59:11.722Z"}
{"level":"info","message":"\u001b[32m\u001b[1mBot launched. Visit: http://localhost:3000\u001b[22m\u001b[39m","timestamp":"2018-02-17T08:59:11.756Z"}
{"message":"An error has been returned by Facebook API.\nStatus: 400 (Bad Request)\n(#100) Param callback_url is not a valid URI.","stack":"Error: An error has been returned by Facebook API.\nStatus: 400 (Bad Request)\n(#100) Param callback_url is not a valid URI.\n    at C:\\Users\\JOELDACUMA\\Documents\\mysandbox\\kiko\\node_modules\\botpress-messenger\\bin\\webpack:\\src\\messenger.js:606:13\n    at PassThroughHandlerContext.finallyHandler (C:\\Users\\JOELDACUMA\\Documents\\mysandbox\\kiko\\node_modules\\bluebird\\js\\release\\finally.js:56:23)\n    at PassThroughHandlerContext.tryCatcher (C:\\Users\\JOELDACUMA\\Documents\\mysandbox\\kiko\\node_modules\\bluebird\\js\\release\\util.js:16:23)\n    at Promise._settlePromiseFromHandler (C:\\Users\\JOELDACUMA\\Documents\\mysandbox\\kiko\\node_modules\\bluebird\\js\\release\\promise.js:512:31)\n    at Promise._settlePromise (C:\\Users\\JOELDACUMA\\Documents\\mysandbox\\kiko\\node_modules\\bluebird\\js\\release\\promise.js:569:18)\n    at Promise._settlePromise0 (C:\\Users\\JOELDACUMA\\Documents\\mysandbox\\kiko\\node_modules\\bluebird\\js\\release\\promise.js:614:10)\n    at Promise._settlePromises (C:\\Users\\JOELDACUMA\\Documents\\mysandbox\\kiko\\node_modules\\bluebird\\js\\release\\promise.js:693:18)\n    at Async._drainQueue (C:\\Users\\JOELDACUMA\\Documents\\mysandbox\\kiko\\node_modules\\bluebird\\js\\release\\async.js:133:16)\n    at Async._drainQueues (C:\\Users\\JOELDACUMA\\Documents\\mysandbox\\kiko\\node_modules\\bluebird\\js\\release\\async.js:143:10)\n    at Immediate.Async.drainQueues (C:\\Users\\JOELDACUMA\\Documents\\mysandbox\\kiko\\node_modules\\bluebird\\js\\release\\async.js:17:14)\n    at runCallback (timers.js:781:20)\n    at tryOnImmediate (timers.js:743:5)\n    at processImmediate [as _immediateCallback] (timers.js:714:5)","level":"error","timestamp":"2018-02-17T08:59:12.375Z"}
{"level":"error","message":"[notification::botpress] Error updating Messenger App. Please see logs for details.","timestamp":"2018-02-17T08:59:12.405Z"}
{"level":"info","message":"Starting botpress version 1.1.13","timestamp":"2018-02-17T09:02:50.352Z"}
{"level":"verbose","message":"[UMM] Enabled for facebook","timestamp":"2018-02-17T09:02:50.810Z"}
{"level":"info","message":"Loaded botpress-messenger, version 2.2.10","timestamp":"2018-02-17T09:02:50.811Z"}
{"level":"verbose","message":"[UMM] Enabled for web","timestamp":"2018-02-17T09:02:50.814Z"}
{"level":"info","message":"Loaded botpress-web, version 1.2.3","timestamp":"2018-02-17T09:02:50.814Z"}
{"level":"info","message":"Loaded 2 modules","timestamp":"2018-02-17T09:02:50.814Z"}
{"level":"debug","message":"Loading middleware: UMM.instrumentation","timestamp":"2018-02-17T09:02:50.832Z"}
{"level":"debug","message":"Loading middleware: hear","timestamp":"2018-02-17T09:02:50.832Z"}
{"level":"debug","message":"Loading middleware: conversations","timestamp":"2018-02-17T09:02:50.833Z"}
{"level":"debug","message":"Loading middleware: messenger.sendMessages","timestamp":"2018-02-17T09:02:50.836Z"}
{"level":"debug","message":"Loading middleware: web.sendMessages","timestamp":"2018-02-17T09:02:50.839Z"}
{"level":"debug","message":"Loading middleware: fallback","timestamp":"2018-02-17T09:02:50.840Z"}
{"level":"info","message":"\u001b[32m\u001b[1mBot launched. Visit: http://localhost:3000\u001b[22m\u001b[39m","timestamp":"2018-02-17T09:02:50.886Z"}
{"message":"An error has been returned by Facebook API.\nStatus: 400 (Bad Request)\n(#100) Param callback_url is not a valid URI.","stack":"Error: An error has been returned by Facebook API.\nStatus: 400 (Bad Request)\n(#100) Param callback_url is not a valid URI.\n    at C:\\Users\\JOELDACUMA\\Documents\\mysandbox\\kiko\\node_modules\\botpress-messenger\\bin\\webpack:\\src\\messenger.js:606:13\n    at PassThroughHandlerContext.finallyHandler (C:\\Users\\JOELDACUMA\\Documents\\mysandbox\\kiko\\node_modules\\bluebird\\js\\release\\finally.js:56:23)\n    at PassThroughHandlerContext.tryCatcher (C:\\Users\\JOELDACUMA\\Documents\\mysandbox\\kiko\\node_modules\\bluebird\\js\\release\\util.js:16:23)\n    at Promise._settlePromiseFromHandler (C:\\Users\\JOELDACUMA\\Documents\\mysandbox\\kiko\\node_modules\\bluebird\\js\\release\\promise.js:512:31)\n    at Promise._settlePromise (C:\\Users\\JOELDACUMA\\Documents\\mysandbox\\kiko\\node_modules\\bluebird\\js\\release\\promise.js:569:18)\n    at Promise._settlePromise0 (C:\\Users\\JOELDACUMA\\Documents\\mysandbox\\kiko\\node_modules\\bluebird\\js\\release\\promise.js:614:10)\n    at Promise._settlePromises (C:\\Users\\JOELDACUMA\\Documents\\mysandbox\\kiko\\node_modules\\bluebird\\js\\release\\promise.js:693:18)\n    at Async._drainQueue (C:\\Users\\JOELDACUMA\\Documents\\mysandbox\\kiko\\node_modules\\bluebird\\js\\release\\async.js:133:16)\n    at Async._drainQueues (C:\\Users\\JOELDACUMA\\Documents\\mysandbox\\kiko\\node_modules\\bluebird\\js\\release\\async.js:143:10)\n    at Immediate.Async.drainQueues (C:\\Users\\JOELDACUMA\\Documents\\mysandbox\\kiko\\node_modules\\bluebird\\js\\release\\async.js:17:14)\n    at runCallback (timers.js:781:20)\n    at tryOnImmediate (timers.js:743:5)\n    at processImmediate [as _immediateCallback] (timers.js:714:5)","level":"error","timestamp":"2018-02-17T09:02:51.430Z"}
{"level":"error","message":"[notification::botpress] Error updating Messenger App. Please see logs for details.","timestamp":"2018-02-17T09:02:51.458Z"}
{"level":"info","message":"Starting botpress version 1.1.13","timestamp":"2018-02-17T09:05:25.781Z"}
{"level":"verbose","message":"[UMM] Enabled for facebook","timestamp":"2018-02-17T09:05:26.158Z"}
{"level":"info","message":"Loaded botpress-messenger, version 2.2.10","timestamp":"2018-02-17T09:05:26.159Z"}
{"level":"verbose","message":"[UMM] Enabled for web","timestamp":"2018-02-17T09:05:26.162Z"}
{"level":"info","message":"Loaded botpress-web, version 1.2.3","timestamp":"2018-02-17T09:05:26.162Z"}
{"level":"info","message":"Loaded 2 modules","timestamp":"2018-02-17T09:05:26.163Z"}
{"level":"debug","message":"Loading middleware: UMM.instrumentation","timestamp":"2018-02-17T09:05:26.176Z"}
{"level":"debug","message":"Loading middleware: hear","timestamp":"2018-02-17T09:05:26.177Z"}
{"level":"debug","message":"Loading middleware: conversations","timestamp":"2018-02-17T09:05:26.177Z"}
{"level":"debug","message":"Loading middleware: messenger.sendMessages","timestamp":"2018-02-17T09:05:26.178Z"}
{"level":"debug","message":"Loading middleware: web.sendMessages","timestamp":"2018-02-17T09:05:26.178Z"}
{"level":"debug","message":"Loading middleware: fallback","timestamp":"2018-02-17T09:05:26.179Z"}
{"level":"info","message":"\u001b[32m\u001b[1mBot launched. Visit: http://localhost:3000\u001b[22m\u001b[39m","timestamp":"2018-02-17T09:05:26.201Z"}
{"message":"An error has been returned by Facebook API.\nStatus: 400 (Bad Request)\n(#100) Param callback_url is not a valid URI.","stack":"Error: An error has been returned by Facebook API.\nStatus: 400 (Bad Request)\n(#100) Param callback_url is not a valid URI.\n    at C:\\Users\\JOELDACUMA\\Documents\\mysandbox\\kiko\\node_modules\\botpress-messenger\\bin\\webpack:\\src\\messenger.js:606:13\n    at PassThroughHandlerContext.finallyHandler (C:\\Users\\JOELDACUMA\\Documents\\mysandbox\\kiko\\node_modules\\bluebird\\js\\release\\finally.js:56:23)\n    at PassThroughHandlerContext.tryCatcher (C:\\Users\\JOELDACUMA\\Documents\\mysandbox\\kiko\\node_modules\\bluebird\\js\\release\\util.js:16:23)\n    at Promise._settlePromiseFromHandler (C:\\Users\\JOELDACUMA\\Documents\\mysandbox\\kiko\\node_modules\\bluebird\\js\\release\\promise.js:512:31)\n    at Promise._settlePromise (C:\\Users\\JOELDACUMA\\Documents\\mysandbox\\kiko\\node_modules\\bluebird\\js\\release\\promise.js:569:18)\n    at Promise._settlePromise0 (C:\\Users\\JOELDACUMA\\Documents\\mysandbox\\kiko\\node_modules\\bluebird\\js\\release\\promise.js:614:10)\n    at Promise._settlePromises (C:\\Users\\JOELDACUMA\\Documents\\mysandbox\\kiko\\node_modules\\bluebird\\js\\release\\promise.js:693:18)\n    at Async._drainQueue (C:\\Users\\JOELDACUMA\\Documents\\mysandbox\\kiko\\node_modules\\bluebird\\js\\release\\async.js:133:16)\n    at Async._drainQueues (C:\\Users\\JOELDACUMA\\Documents\\mysandbox\\kiko\\node_modules\\bluebird\\js\\release\\async.js:143:10)\n    at Immediate.Async.drainQueues (C:\\Users\\JOELDACUMA\\Documents\\mysandbox\\kiko\\node_modules\\bluebird\\js\\release\\async.js:17:14)\n    at runCallback (timers.js:781:20)\n    at tryOnImmediate (timers.js:743:5)\n    at processImmediate [as _immediateCallback] (timers.js:714:5)","level":"error","timestamp":"2018-02-17T09:05:26.805Z"}
{"level":"error","message":"[notification::botpress] Error updating Messenger App. Please see logs for details.","timestamp":"2018-02-17T09:05:26.836Z"}
{"level":"info","message":"Starting botpress version 1.1.13","timestamp":"2018-02-17T09:09:35.245Z"}
{"level":"verbose","message":"[UMM] Enabled for facebook","timestamp":"2018-02-17T09:09:35.658Z"}
{"level":"info","message":"Loaded botpress-messenger, version 2.2.10","timestamp":"2018-02-17T09:09:35.659Z"}
{"level":"verbose","message":"[UMM] Enabled for web","timestamp":"2018-02-17T09:09:35.664Z"}
{"level":"info","message":"Loaded botpress-web, version 1.2.3","timestamp":"2018-02-17T09:09:35.665Z"}
{"level":"info","message":"Loaded 2 modules","timestamp":"2018-02-17T09:09:35.665Z"}
{"level":"debug","message":"Loading middleware: UMM.instrumentation","timestamp":"2018-02-17T09:09:35.678Z"}
{"level":"debug","message":"Loading middleware: hear","timestamp":"2018-02-17T09:09:35.679Z"}
{"level":"debug","message":"Loading middleware: conversations","timestamp":"2018-02-17T09:09:35.679Z"}
{"level":"debug","message":"Loading middleware: messenger.sendMessages","timestamp":"2018-02-17T09:09:35.680Z"}
{"level":"debug","message":"Loading middleware: web.sendMessages","timestamp":"2018-02-17T09:09:35.681Z"}
{"level":"debug","message":"Loading middleware: fallback","timestamp":"2018-02-17T09:09:35.682Z"}
{"level":"info","message":"\u001b[32m\u001b[1mBot launched. Visit: http://localhost:3000\u001b[22m\u001b[39m","timestamp":"2018-02-17T09:09:35.702Z"}
{"message":"An error has been returned by Facebook API.\nStatus: 400 (Bad Request)\n(#100) Param callback_url is not a valid URI.","stack":"Error: An error has been returned by Facebook API.\nStatus: 400 (Bad Request)\n(#100) Param callback_url is not a valid URI.\n    at C:\\Users\\JOELDACUMA\\Documents\\mysandbox\\kiko\\node_modules\\botpress-messenger\\bin\\webpack:\\src\\messenger.js:606:13\n    at PassThroughHandlerContext.finallyHandler (C:\\Users\\JOELDACUMA\\Documents\\mysandbox\\kiko\\node_modules\\bluebird\\js\\release\\finally.js:56:23)\n    at PassThroughHandlerContext.tryCatcher (C:\\Users\\JOELDACUMA\\Documents\\mysandbox\\kiko\\node_modules\\bluebird\\js\\release\\util.js:16:23)\n    at Promise._settlePromiseFromHandler (C:\\Users\\JOELDACUMA\\Documents\\mysandbox\\kiko\\node_modules\\bluebird\\js\\release\\promise.js:512:31)\n    at Promise._settlePromise (C:\\Users\\JOELDACUMA\\Documents\\mysandbox\\kiko\\node_modules\\bluebird\\js\\release\\promise.js:569:18)\n    at Promise._settlePromise0 (C:\\Users\\JOELDACUMA\\Documents\\mysandbox\\kiko\\node_modules\\bluebird\\js\\release\\promise.js:614:10)\n    at Promise._settlePromises (C:\\Users\\JOELDACUMA\\Documents\\mysandbox\\kiko\\node_modules\\bluebird\\js\\release\\promise.js:693:18)\n    at Async._drainQueue (C:\\Users\\JOELDACUMA\\Documents\\mysandbox\\kiko\\node_modules\\bluebird\\js\\release\\async.js:133:16)\n    at Async._drainQueues (C:\\Users\\JOELDACUMA\\Documents\\mysandbox\\kiko\\node_modules\\bluebird\\js\\release\\async.js:143:10)\n    at Immediate.Async.drainQueues (C:\\Users\\JOELDACUMA\\Documents\\mysandbox\\kiko\\node_modules\\bluebird\\js\\release\\async.js:17:14)\n    at runCallback (timers.js:781:20)\n    at tryOnImmediate (timers.js:743:5)\n    at processImmediate [as _immediateCallback] (timers.js:714:5)","level":"error","timestamp":"2018-02-17T09:09:36.489Z"}
{"level":"error","message":"[notification::botpress] Error updating Messenger App. Please see logs for details.","timestamp":"2018-02-17T09:09:36.524Z"}
{"level":"info","message":"Starting botpress version 1.1.13","timestamp":"2018-02-17T09:12:35.380Z"}
{"level":"verbose","message":"[UMM] Enabled for facebook","timestamp":"2018-02-17T09:12:35.805Z"}
{"level":"info","message":"Loaded botpress-messenger, version 2.2.10","timestamp":"2018-02-17T09:12:35.806Z"}
{"level":"verbose","message":"[UMM] Enabled for web","timestamp":"2018-02-17T09:12:35.810Z"}
{"level":"info","message":"Loaded botpress-web, version 1.2.3","timestamp":"2018-02-17T09:12:35.810Z"}
{"level":"info","message":"Loaded 2 modules","timestamp":"2018-02-17T09:12:35.811Z"}
{"level":"debug","message":"Loading middleware: UMM.instrumentation","timestamp":"2018-02-17T09:12:35.826Z"}
{"level":"debug","message":"Loading middleware: hear","timestamp":"2018-02-17T09:12:35.827Z"}
{"level":"debug","message":"Loading middleware: conversations","timestamp":"2018-02-17T09:12:35.827Z"}
{"level":"debug","message":"Loading middleware: messenger.sendMessages","timestamp":"2018-02-17T09:12:35.831Z"}
{"level":"debug","message":"Loading middleware: web.sendMessages","timestamp":"2018-02-17T09:12:35.831Z"}
{"level":"debug","message":"Loading middleware: fallback","timestamp":"2018-02-17T09:12:35.832Z"}
{"level":"info","message":"\u001b[32m\u001b[1mBot launched. Visit: http://localhost:3000\u001b[22m\u001b[39m","timestamp":"2018-02-17T09:12:35.861Z"}
{"message":"An error has been returned by Facebook API.\nStatus: 400 (Bad Request)\n(#100) Param callback_url is not a valid URI.","stack":"Error: An error has been returned by Facebook API.\nStatus: 400 (Bad Request)\n(#100) Param callback_url is not a valid URI.\n    at C:\\Users\\JOELDACUMA\\Documents\\mysandbox\\kiko\\node_modules\\botpress-messenger\\bin\\webpack:\\src\\messenger.js:606:13\n    at PassThroughHandlerContext.finallyHandler (C:\\Users\\JOELDACUMA\\Documents\\mysandbox\\kiko\\node_modules\\bluebird\\js\\release\\finally.js:56:23)\n    at PassThroughHandlerContext.tryCatcher (C:\\Users\\JOELDACUMA\\Documents\\mysandbox\\kiko\\node_modules\\bluebird\\js\\release\\util.js:16:23)\n    at Promise._settlePromiseFromHandler (C:\\Users\\JOELDACUMA\\Documents\\mysandbox\\kiko\\node_modules\\bluebird\\js\\release\\promise.js:512:31)\n    at Promise._settlePromise (C:\\Users\\JOELDACUMA\\Documents\\mysandbox\\kiko\\node_modules\\bluebird\\js\\release\\promise.js:569:18)\n    at Promise._settlePromise0 (C:\\Users\\JOELDACUMA\\Documents\\mysandbox\\kiko\\node_modules\\bluebird\\js\\release\\promise.js:614:10)\n    at Promise._settlePromises (C:\\Users\\JOELDACUMA\\Documents\\mysandbox\\kiko\\node_modules\\bluebird\\js\\release\\promise.js:693:18)\n    at Async._drainQueue (C:\\Users\\JOELDACUMA\\Documents\\mysandbox\\kiko\\node_modules\\bluebird\\js\\release\\async.js:133:16)\n    at Async._drainQueues (C:\\Users\\JOELDACUMA\\Documents\\mysandbox\\kiko\\node_modules\\bluebird\\js\\release\\async.js:143:10)\n    at Immediate.Async.drainQueues (C:\\Users\\JOELDACUMA\\Documents\\mysandbox\\kiko\\node_modules\\bluebird\\js\\release\\async.js:17:14)\n    at runCallback (timers.js:781:20)\n    at tryOnImmediate (timers.js:743:5)\n    at processImmediate [as _immediateCallback] (timers.js:714:5)","level":"error","timestamp":"2018-02-17T09:12:36.549Z"}
{"level":"error","message":"[notification::botpress] Error updating Messenger App. Please see logs for details.","timestamp":"2018-02-17T09:12:36.619Z"}
